Arguments: 
  /nix/store/rs8fs4spd1xnaspc2dq15i7xa5j8bynm-nodejs-18.16.1/bin/node /nix/store/d6nz6sxv1djbz62k3ij8fh5g551ch5bx-yarn-1.22.19/bin/yarn add @aws-sdk/aws-lambda

PATH: 
  /nix/store/123zjcq8znkyjmdnm944vgh19x2247bg-bash-interactive-5.2-p15/bin:/nix/store/kvizl23z3fng88n4j8knapn186bxw70f-clang-wrapper-11.1.0/bin:/nix/store/5j3zwxjziy6hcpaf9wlcj7qqq0w78wfi-clang-11.1.0/bin:/nix/store/vjjplvzy60qz3nznrff6s8zvb80m3bif-coreutils-9.3/bin:/nix/store/9w74lb0d7q1vvl88v5gzjyyx3312rz75-cctools-binutils-darwin-wrapper-11.1.0-973.0.1/bin:/nix/store/snxjdcdka4p7af454n3v7mdc4yh1lywn-cctools-binutils-darwin-11.1.0-973.0.1/bin:/nix/store/7pbdbvs7p8b1jy1az6wkrh3lab5dx578-terraform-1.5.4/bin:/nix/store/d6nz6sxv1djbz62k3ij8fh5g551ch5bx-yarn-1.22.19/bin:/nix/store/rs8fs4spd1xnaspc2dq15i7xa5j8bynm-nodejs-18.16.1/bin:/nix/store/k5abm4s2pgs0xg64lligwfprzafg8cdf-findutils-4.9.0/bin:/nix/store/hmscngdly85w04lb5cn32jcfqyg61kfq-diffutils-3.10/bin:/nix/store/3c0v61mw26d766jfdqg2bqmb32pcl40n-gnused-4.9/bin:/nix/store/hdq4m97ma7rk9srn8f0myfhhlh2inzm5-gnugrep-3.11/bin:/nix/store/8cmmw5frzhs5nzpkvfhdih6d7b3g7zqw-gawk-5.2.2/bin:/nix/store/q2csqxdlnjinz6fsvg751wryhxbnk9sw-gnutar-1.34/bin:/nix/store/397iphc81akvp54z9lsrfqly4fj56d08-gzip-1.12/bin:/nix/store/p742p1s409j1yvb0ywvk258fjipzsqd9-bzip2-1.0.8-bin/bin:/nix/store/ch57psmgq8rg5f0i0cvp07d0zfndjf8x-gnumake-4.4.1/bin:/nix/store/xx5s0rkx3aav3f850ig4afadg6ms7lq9-bash-5.2-p15/bin:/nix/store/psxc626ll2zkjkalyybkyzcxvkgr6nbx-patch-2.7.6/bin:/nix/store/5ym0a90mnlw4gi81wpraa370wi32r075-xz-5.4.3-bin/bin:/nix/store/rxr4dqbh16y2v2c7fchcnlsfqkdr8bw9-file-5.44/bin:/Users/alexey/.rd/bin:/Users/alexey/.nix-profile/bin:/etc/profiles/per-user/alexey/bin:/run/current-system/sw/bin:/nix/var/nix/profiles/default/bin:/usr/local/bin:/usr/bin:/usr/sbin:/bin:/sbin:/Users/alexey/.cabal/bin:/Users/alexey/.ghcup/bin:/Users/alexey/.local/bin:/Users/alexey/.zsh/plugins/fast-syntax-highlighting:/Users/alexey/.zsh/plugins/powerlevel10k:/Users/alexey/.zsh/plugins/powerlevel10k-config

Yarn version: 
  1.22.19

Node version: 
  18.16.1

Platform: 
  darwin x64

Trace: 
  Error: https://registry.npmjs.org/@aws-sdk%2faws-lambda: Not found
      at params.callback [as _callback] (/nix/store/d6nz6sxv1djbz62k3ij8fh5g551ch5bx-yarn-1.22.19/libexec/yarn/lib/cli.js:66145:18)
      at self.callback (/nix/store/d6nz6sxv1djbz62k3ij8fh5g551ch5bx-yarn-1.22.19/libexec/yarn/lib/cli.js:140890:22)
      at Request.emit (node:events:513:28)
      at Request.<anonymous> (/nix/store/d6nz6sxv1djbz62k3ij8fh5g551ch5bx-yarn-1.22.19/libexec/yarn/lib/cli.js:141862:10)
      at Request.emit (node:events:513:28)
      at IncomingMessage.<anonymous> (/nix/store/d6nz6sxv1djbz62k3ij8fh5g551ch5bx-yarn-1.22.19/libexec/yarn/lib/cli.js:141784:12)
      at Object.onceWrapper (node:events:627:28)
      at IncomingMessage.emit (node:events:525:35)
      at endReadableNT (node:internal/streams/readable:1359:12)
      at process.processTicksAndRejections (node:internal/process/task_queues:82:21)

npm manifest: 
  {
    "name": "ddb-eventstore-dispatcher",
    "version": "1.0.0",
    "description": "",
    "main": "index.js",
    "scripts": {
      "build": "run-p typeCheck compile",
      "typeCheck": "tsc",
      "compile": "esbuild src/index.ts --bundle --minify --sourcemap --platform=node --target=es2020 --outfile=dist/index.js"
    },
    "author": "",
    "license": "ISC",
    "dependencies": {
      "@aws-lambda-powertools/logger": "^1.12.1",
      "@aws-sdk/client-secrets-manager": "^3.391.0",
      "@aws-sdk/client-ssm": "^3.391.0",
      "@aws-sdk/util-dynamodb": "^3.391.0",
      "@fusionauth/typescript-client": "^1.47.0",
      "@kafkajs/confluent-schema-registry": "^3.3.0",
      "kafkajs": "^2.2.4",
      "lodash": "^4.17.21"
    },
    "devDependencies": {
      "@types/aws-lambda": "^8.10.119",
      "@types/lodash": "^4.14.197",
      "@types/node": "^20.5.0",
      "body-parser": "^1.20.2",
      "esbuild": "^0.19.2",
      "express": "^4.18.2",
      "npm-run-all": "^4.1.5",
      "typescript": "^5.1.6"
    }
  }

yarn manifest: 
  No manifest

Lockfile: 
  # THIS IS AN AUTOGENERATED FILE. DO NOT EDIT THIS FILE DIRECTLY.
  # yarn lockfile v1
  
  
  "@aws-crypto/crc32@3.0.0":
    version "3.0.0"
    resolved "https://registry.npmjs.org/@aws-crypto/crc32/-/crc32-3.0.0.tgz"
    integrity sha512-IzSgsrxUcsrejQbPVilIKy16kAT52EwB6zSaI+M3xxIhKh5+aldEyvI+z6erM7TCLB2BJsFrtHjp6/4/sr+3dA==
    dependencies:
      "@aws-crypto/util" "^3.0.0"
      "@aws-sdk/types" "^3.222.0"
      tslib "^1.11.1"
  
  "@aws-crypto/ie11-detection@^3.0.0":
    version "3.0.0"
    resolved "https://registry.npmjs.org/@aws-crypto/ie11-detection/-/ie11-detection-3.0.0.tgz"
    integrity sha512-341lBBkiY1DfDNKai/wXM3aujNBkXR7tq1URPQDL9wi3AUbI80NR74uF1TXHMm7po1AcnFk8iu2S2IeU/+/A+Q==
    dependencies:
      tslib "^1.11.1"
  
  "@aws-crypto/sha256-browser@3.0.0":
    version "3.0.0"
    resolved "https://registry.npmjs.org/@aws-crypto/sha256-browser/-/sha256-browser-3.0.0.tgz"
    integrity sha512-8VLmW2B+gjFbU5uMeqtQM6Nj0/F1bro80xQXCW6CQBWgosFWXTx77aeOF5CAIAmbOK64SdMBJdNr6J41yP5mvQ==
    dependencies:
      "@aws-crypto/ie11-detection" "^3.0.0"
      "@aws-crypto/sha256-js" "^3.0.0"
      "@aws-crypto/supports-web-crypto" "^3.0.0"
      "@aws-crypto/util" "^3.0.0"
      "@aws-sdk/types" "^3.222.0"
      "@aws-sdk/util-locate-window" "^3.0.0"
      "@aws-sdk/util-utf8-browser" "^3.0.0"
      tslib "^1.11.1"
  
  "@aws-crypto/sha256-js@^3.0.0", "@aws-crypto/sha256-js@3.0.0":
    version "3.0.0"
    resolved "https://registry.npmjs.org/@aws-crypto/sha256-js/-/sha256-js-3.0.0.tgz"
    integrity sha512-PnNN7os0+yd1XvXAy23CFOmTbMaDxgxXtTKHybrJ39Y8kGzBATgBFibWJKH6BhytLI/Zyszs87xCOBNyBig6vQ==
    dependencies:
      "@aws-crypto/util" "^3.0.0"
      "@aws-sdk/types" "^3.222.0"
      tslib "^1.11.1"
  
  "@aws-crypto/supports-web-crypto@^3.0.0":
    version "3.0.0"
    resolved "https://registry.npmjs.org/@aws-crypto/supports-web-crypto/-/supports-web-crypto-3.0.0.tgz"
    integrity sha512-06hBdMwUAb2WFTuGG73LSC0wfPu93xWwo5vL2et9eymgmu3Id5vFAHBbajVWiGhPO37qcsdCap/FqXvJGJWPIg==
    dependencies:
      tslib "^1.11.1"
  
  "@aws-crypto/util@^3.0.0":
    version "3.0.0"
    resolved "https://registry.npmjs.org/@aws-crypto/util/-/util-3.0.0.tgz"
    integrity sha512-2OJlpeJpCR48CC8r+uKVChzs9Iungj9wkZrl8Z041DWEWvyIHILYKCPNzJghKsivj+S3mLo6BVc7mBNzdxA46w==
    dependencies:
      "@aws-sdk/types" "^3.222.0"
      "@aws-sdk/util-utf8-browser" "^3.0.0"
      tslib "^1.11.1"
  
  "@aws-lambda-powertools/commons@^1.12.1":
    version "1.12.1"
    resolved "https://registry.npmjs.org/@aws-lambda-powertools/commons/-/commons-1.12.1.tgz"
    integrity sha512-VChNfDUxxcB5KTfQPkJgxYihEZkrmeOzU9/A9FRBc+3v33EEM59T2pIgBkFy0VoINvGi3MoBEln/wyu2jV0ivA==
  
  "@aws-lambda-powertools/logger@^1.12.1":
    version "1.12.1"
    resolved "https://registry.npmjs.org/@aws-lambda-powertools/logger/-/logger-1.12.1.tgz"
    integrity sha512-QMBkd6/rN2MniiNcWeCigT4AKqH+NG1X6xN8S+YLszd4qJvXvRqx2EBO01WVrtyctOE8IpLqxicevmw1cJqDIA==
    dependencies:
      "@aws-lambda-powertools/commons" "^1.12.1"
      lodash.merge "^4.6.2"
  
  "@aws-sdk/client-secrets-manager@^3.391.0":
    version "3.391.0"
    resolved "https://registry.npmjs.org/@aws-sdk/client-secrets-manager/-/client-secrets-manager-3.391.0.tgz"
    integrity sha512-4Av0D9rSoNS/N/5Kmdra4xM5ioDD7Hxc+Kl8vi8Uz4pTXK7F/0rplWESAyJTj4T2l3vT6AO5Ge0HkiZJVmjk1Q==
    dependencies:
      "@aws-crypto/sha256-browser" "3.0.0"
      "@aws-crypto/sha256-js" "3.0.0"
      "@aws-sdk/client-sts" "3.391.0"
      "@aws-sdk/credential-provider-node" "3.391.0"
      "@aws-sdk/middleware-host-header" "3.391.0"
      "@aws-sdk/middleware-logger" "3.391.0"
      "@aws-sdk/middleware-recursion-detection" "3.391.0"
      "@aws-sdk/middleware-signing" "3.391.0"
      "@aws-sdk/middleware-user-agent" "3.391.0"
      "@aws-sdk/types" "3.391.0"
      "@aws-sdk/util-endpoints" "3.391.0"
      "@aws-sdk/util-user-agent-browser" "3.391.0"
      "@aws-sdk/util-user-agent-node" "3.391.0"
      "@smithy/config-resolver" "^2.0.3"
      "@smithy/fetch-http-handler" "^2.0.3"
      "@smithy/hash-node" "^2.0.3"
      "@smithy/invalid-dependency" "^2.0.3"
      "@smithy/middleware-content-length" "^2.0.3"
      "@smithy/middleware-endpoint" "^2.0.3"
      "@smithy/middleware-retry" "^2.0.3"
      "@smithy/middleware-serde" "^2.0.3"
      "@smithy/middleware-stack" "^2.0.0"
      "@smithy/node-config-provider" "^2.0.3"
      "@smithy/node-http-handler" "^2.0.3"
      "@smithy/protocol-http" "^2.0.3"
      "@smithy/smithy-client" "^2.0.3"
      "@smithy/types" "^2.2.0"
      "@smithy/url-parser" "^2.0.3"
      "@smithy/util-base64" "^2.0.0"
      "@smithy/util-body-length-browser" "^2.0.0"
      "@smithy/util-body-length-node" "^2.0.0"
      "@smithy/util-defaults-mode-browser" "^2.0.3"
      "@smithy/util-defaults-mode-node" "^2.0.3"
      "@smithy/util-retry" "^2.0.0"
      "@smithy/util-utf8" "^2.0.0"
      tslib "^2.5.0"
      uuid "^8.3.2"
  
  "@aws-sdk/client-ssm@^3.391.0":
    version "3.391.0"
    resolved "https://registry.npmjs.org/@aws-sdk/client-ssm/-/client-ssm-3.391.0.tgz"
    integrity sha512-gxRz80Xok8kgWHr+cQsj8sfvbNv2Fi0thKc13xj3WMEJbV6xPulM5s2jJLyEpJxE3vxqYCtgBOH7pibtqZVZPw==
    dependencies:
      "@aws-crypto/sha256-browser" "3.0.0"
      "@aws-crypto/sha256-js" "3.0.0"
      "@aws-sdk/client-sts" "3.391.0"
      "@aws-sdk/credential-provider-node" "3.391.0"
      "@aws-sdk/middleware-host-header" "3.391.0"
      "@aws-sdk/middleware-logger" "3.391.0"
      "@aws-sdk/middleware-recursion-detection" "3.391.0"
      "@aws-sdk/middleware-signing" "3.391.0"
      "@aws-sdk/middleware-user-agent" "3.391.0"
      "@aws-sdk/types" "3.391.0"
      "@aws-sdk/util-endpoints" "3.391.0"
      "@aws-sdk/util-user-agent-browser" "3.391.0"
      "@aws-sdk/util-user-agent-node" "3.391.0"
      "@smithy/config-resolver" "^2.0.3"
      "@smithy/fetch-http-handler" "^2.0.3"
      "@smithy/hash-node" "^2.0.3"
      "@smithy/invalid-dependency" "^2.0.3"
      "@smithy/middleware-content-length" "^2.0.3"
      "@smithy/middleware-endpoint" "^2.0.3"
      "@smithy/middleware-retry" "^2.0.3"
      "@smithy/middleware-serde" "^2.0.3"
      "@smithy/middleware-stack" "^2.0.0"
      "@smithy/node-config-provider" "^2.0.3"
      "@smithy/node-http-handler" "^2.0.3"
      "@smithy/protocol-http" "^2.0.3"
      "@smithy/smithy-client" "^2.0.3"
      "@smithy/types" "^2.2.0"
      "@smithy/url-parser" "^2.0.3"
      "@smithy/util-base64" "^2.0.0"
      "@smithy/util-body-length-browser" "^2.0.0"
      "@smithy/util-body-length-node" "^2.0.0"
      "@smithy/util-defaults-mode-browser" "^2.0.3"
      "@smithy/util-defaults-mode-node" "^2.0.3"
      "@smithy/util-retry" "^2.0.0"
      "@smithy/util-utf8" "^2.0.0"
      "@smithy/util-waiter" "^2.0.3"
      tslib "^2.5.0"
      uuid "^8.3.2"
  
  "@aws-sdk/client-sso@3.391.0":
    version "3.391.0"
    resolved "https://registry.npmjs.org/@aws-sdk/client-sso/-/client-sso-3.391.0.tgz"
    integrity sha512-aT+O1CbWIWYlCtWK6g3ZaMvFNImOgFGurOEPscuedqzG5UQc1bRtRrGYShLyzcZgfXP+s0cKYJqgGeRNoWiwqA==
    dependencies:
      "@aws-crypto/sha256-browser" "3.0.0"
      "@aws-crypto/sha256-js" "3.0.0"
      "@aws-sdk/middleware-host-header" "3.391.0"
      "@aws-sdk/middleware-logger" "3.391.0"
      "@aws-sdk/middleware-recursion-detection" "3.391.0"
      "@aws-sdk/middleware-user-agent" "3.391.0"
      "@aws-sdk/types" "3.391.0"
      "@aws-sdk/util-endpoints" "3.391.0"
      "@aws-sdk/util-user-agent-browser" "3.391.0"
      "@aws-sdk/util-user-agent-node" "3.391.0"
      "@smithy/config-resolver" "^2.0.3"
      "@smithy/fetch-http-handler" "^2.0.3"
      "@smithy/hash-node" "^2.0.3"
      "@smithy/invalid-dependency" "^2.0.3"
      "@smithy/middleware-content-length" "^2.0.3"
      "@smithy/middleware-endpoint" "^2.0.3"
      "@smithy/middleware-retry" "^2.0.3"
      "@smithy/middleware-serde" "^2.0.3"
      "@smithy/middleware-stack" "^2.0.0"
      "@smithy/node-config-provider" "^2.0.3"
      "@smithy/node-http-handler" "^2.0.3"
      "@smithy/protocol-http" "^2.0.3"
      "@smithy/smithy-client" "^2.0.3"
      "@smithy/types" "^2.2.0"
      "@smithy/url-parser" "^2.0.3"
      "@smithy/util-base64" "^2.0.0"
      "@smithy/util-body-length-browser" "^2.0.0"
      "@smithy/util-body-length-node" "^2.0.0"
      "@smithy/util-defaults-mode-browser" "^2.0.3"
      "@smithy/util-defaults-mode-node" "^2.0.3"
      "@smithy/util-retry" "^2.0.0"
      "@smithy/util-utf8" "^2.0.0"
      tslib "^2.5.0"
  
  "@aws-sdk/client-sts@3.391.0":
    version "3.391.0"
    resolved "https://registry.npmjs.org/@aws-sdk/client-sts/-/client-sts-3.391.0.tgz"
    integrity sha512-y+KmorcUx9o5O99sXVPbhGUpsLpfhzYRaYCqxArLsyzZTCO6XDXMi8vg/xtS+b703j9lWEl5GxAv2oBaEwEnhQ==
    dependencies:
      "@aws-crypto/sha256-browser" "3.0.0"
      "@aws-crypto/sha256-js" "3.0.0"
      "@aws-sdk/credential-provider-node" "3.391.0"
      "@aws-sdk/middleware-host-header" "3.391.0"
      "@aws-sdk/middleware-logger" "3.391.0"
      "@aws-sdk/middleware-recursion-detection" "3.391.0"
      "@aws-sdk/middleware-sdk-sts" "3.391.0"
      "@aws-sdk/middleware-signing" "3.391.0"
      "@aws-sdk/middleware-user-agent" "3.391.0"
      "@aws-sdk/types" "3.391.0"
      "@aws-sdk/util-endpoints" "3.391.0"
      "@aws-sdk/util-user-agent-browser" "3.391.0"
      "@aws-sdk/util-user-agent-node" "3.391.0"
      "@smithy/config-resolver" "^2.0.3"
      "@smithy/fetch-http-handler" "^2.0.3"
      "@smithy/hash-node" "^2.0.3"
      "@smithy/invalid-dependency" "^2.0.3"
      "@smithy/middleware-content-length" "^2.0.3"
      "@smithy/middleware-endpoint" "^2.0.3"
      "@smithy/middleware-retry" "^2.0.3"
      "@smithy/middleware-serde" "^2.0.3"
      "@smithy/middleware-stack" "^2.0.0"
      "@smithy/node-config-provider" "^2.0.3"
      "@smithy/node-http-handler" "^2.0.3"
      "@smithy/protocol-http" "^2.0.3"
      "@smithy/smithy-client" "^2.0.3"
      "@smithy/types" "^2.2.0"
      "@smithy/url-parser" "^2.0.3"
      "@smithy/util-base64" "^2.0.0"
      "@smithy/util-body-length-browser" "^2.0.0"
      "@smithy/util-body-length-node" "^2.0.0"
      "@smithy/util-defaults-mode-browser" "^2.0.3"
      "@smithy/util-defaults-mode-node" "^2.0.3"
      "@smithy/util-retry" "^2.0.0"
      "@smithy/util-utf8" "^2.0.0"
      fast-xml-parser "4.2.5"
      tslib "^2.5.0"
  
  "@aws-sdk/credential-provider-env@3.391.0":
    version "3.391.0"
    resolved "https://registry.npmjs.org/@aws-sdk/credential-provider-env/-/credential-provider-env-3.391.0.tgz"
    integrity sha512-mAzICedcg4bfL0mM5O6QTd9mQ331NLse1DMr6XL21ZZiLB48ej19L7AGV2xq5QwVbqKU3IVv1myRyhvpDM9jMg==
    dependencies:
      "@aws-sdk/types" "3.391.0"
      "@smithy/property-provider" "^2.0.0"
      "@smithy/types" "^2.2.0"
      tslib "^2.5.0"
  
  "@aws-sdk/credential-provider-ini@3.391.0":
    version "3.391.0"
    resolved "https://registry.npmjs.org/@aws-sdk/credential-provider-ini/-/credential-provider-ini-3.391.0.tgz"
    integrity sha512-DJZmbmRMqNSfSV7UF8eBVhADz16KAMCTxnFuvgioHHfYUTZQEhCxRHI8jJqYWxhLTriS7AuTBIWr+1AIbwsCTA==
    dependencies:
      "@aws-sdk/credential-provider-env" "3.391.0"
      "@aws-sdk/credential-provider-process" "3.391.0"
      "@aws-sdk/credential-provider-sso" "3.391.0"
      "@aws-sdk/credential-provider-web-identity" "3.391.0"
      "@aws-sdk/types" "3.391.0"
      "@smithy/credential-provider-imds" "^2.0.0"
      "@smithy/property-provider" "^2.0.0"
      "@smithy/shared-ini-file-loader" "^2.0.0"
      "@smithy/types" "^2.2.0"
      tslib "^2.5.0"
  
  "@aws-sdk/credential-provider-node@3.391.0":
    version "3.391.0"
    resolved "https://registry.npmjs.org/@aws-sdk/credential-provider-node/-/credential-provider-node-3.391.0.tgz"
    integrity sha512-LXHQwsTw4WBwRzD9swu8254Hao5MoIaGXIzbhX4EQ84dtOkKYbwiY4pDpLfcHcw3B1lFKkVclMze8WAs4EdEww==
    dependencies:
      "@aws-sdk/credential-provider-env" "3.391.0"
      "@aws-sdk/credential-provider-ini" "3.391.0"
      "@aws-sdk/credential-provider-process" "3.391.0"
      "@aws-sdk/credential-provider-sso" "3.391.0"
      "@aws-sdk/credential-provider-web-identity" "3.391.0"
      "@aws-sdk/types" "3.391.0"
      "@smithy/credential-provider-imds" "^2.0.0"
      "@smithy/property-provider" "^2.0.0"
      "@smithy/shared-ini-file-loader" "^2.0.0"
      "@smithy/types" "^2.2.0"
      tslib "^2.5.0"
  
  "@aws-sdk/credential-provider-process@3.391.0":
    version "3.391.0"
    resolved "https://registry.npmjs.org/@aws-sdk/credential-provider-process/-/credential-provider-process-3.391.0.tgz"
    integrity sha512-KMlzPlBI+hBmXDo+EoFZdLgCVRkRa9B9iEE6x0+hQQ6g9bW6HI7cDRVdceR1ZoPasSaNAZ9QOXMTIBxTpn0sPQ==
    dependencies:
      "@aws-sdk/types" "3.391.0"
      "@smithy/property-provider" "^2.0.0"
      "@smithy/shared-ini-file-loader" "^2.0.0"
      "@smithy/types" "^2.2.0"
      tslib "^2.5.0"
  
  "@aws-sdk/credential-provider-sso@3.391.0":
    version "3.391.0"
    resolved "https://registry.npmjs.org/@aws-sdk/credential-provider-sso/-/credential-provider-sso-3.391.0.tgz"
    integrity sha512-FT/WoiRHiKys+FcRwvjui0yKuzNtJdn2uGuI1hYE0gpW1wVmW02ouufLckJTmcw09THUZ4w53OoCVU5OY00p8A==
    dependencies:
      "@aws-sdk/client-sso" "3.391.0"
      "@aws-sdk/token-providers" "3.391.0"
      "@aws-sdk/types" "3.391.0"
      "@smithy/property-provider" "^2.0.0"
      "@smithy/shared-ini-file-loader" "^2.0.0"
      "@smithy/types" "^2.2.0"
      tslib "^2.5.0"
  
  "@aws-sdk/credential-provider-web-identity@3.391.0":
    version "3.391.0"
    resolved "https://registry.npmjs.org/@aws-sdk/credential-provider-web-identity/-/credential-provider-web-identity-3.391.0.tgz"
    integrity sha512-n0vYg82B8bc4rxKltVbVqclev7hx+elyS9pEnZs3YbnbWJq0qqsznXmDfLqd1TcWpa09PGXcah0nsRDolVThsA==
    dependencies:
      "@aws-sdk/types" "3.391.0"
      "@smithy/property-provider" "^2.0.0"
      "@smithy/types" "^2.2.0"
      tslib "^2.5.0"
  
  "@aws-sdk/middleware-host-header@3.391.0":
    version "3.391.0"
    resolved "https://registry.npmjs.org/@aws-sdk/middleware-host-header/-/middleware-host-header-3.391.0.tgz"
    integrity sha512-+nyNr0rb2ixY7mU48nibr7L7gsw37y4oELhqgnNKhcjZDJ34imBwKIMFa64n21FdftmhcjR8IdSpzXE9xrkJ8g==
    dependencies:
      "@aws-sdk/types" "3.391.0"
      "@smithy/protocol-http" "^2.0.3"
      "@smithy/types" "^2.2.0"
      tslib "^2.5.0"
  
  "@aws-sdk/middleware-logger@3.391.0":
    version "3.391.0"
    resolved "https://registry.npmjs.org/@aws-sdk/middleware-logger/-/middleware-logger-3.391.0.tgz"
    integrity sha512-KOwl5zo16b17JDhqILHBStccBQ2w35em7+/6vdkJdUII6OU8aVIFTlIQT9wOUvd4do6biIRBMZG3IK0Rg7mRDQ==
    dependencies:
      "@aws-sdk/types" "3.391.0"
      "@smithy/types" "^2.2.0"
      tslib "^2.5.0"
  
  "@aws-sdk/middleware-recursion-detection@3.391.0":
    version "3.391.0"
    resolved "https://registry.npmjs.org/@aws-sdk/middleware-recursion-detection/-/middleware-recursion-detection-3.391.0.tgz"
    integrity sha512-hVR3z59G7pX4pjDQs9Ag1tMgbLeGXOzeAAaNP9fEtHSd3KBMAGQgN3K3b9WPjzE2W0EoloHRJMK4qxZErdde2g==
    dependencies:
      "@aws-sdk/types" "3.391.0"
      "@smithy/protocol-http" "^2.0.3"
      "@smithy/types" "^2.2.0"
      tslib "^2.5.0"
  
  "@aws-sdk/middleware-sdk-sts@3.391.0":
    version "3.391.0"
    resolved "https://registry.npmjs.org/@aws-sdk/middleware-sdk-sts/-/middleware-sdk-sts-3.391.0.tgz"
    integrity sha512-6ZXI3Z4QU+TnT5PwKWloGmRHG81tWeI18/zxf9wWzrO2NhYFvITzEJH0vWLLiXdWtn/BYfLULXtDvkTaepbI5A==
    dependencies:
      "@aws-sdk/middleware-signing" "3.391.0"
      "@aws-sdk/types" "3.391.0"
      "@smithy/types" "^2.2.0"
      tslib "^2.5.0"
  
  "@aws-sdk/middleware-signing@3.391.0":
    version "3.391.0"
    resolved "https://registry.npmjs.org/@aws-sdk/middleware-signing/-/middleware-signing-3.391.0.tgz"
    integrity sha512-2pAJJlZqaHc0d+cz2FTVrQmWi8ygKfqfczHUo/loCtOaMNtWXBHb/JsLEecs6cXdizy6gi3YsLz6VZYwY4Ssxw==
    dependencies:
      "@aws-sdk/types" "3.391.0"
      "@smithy/property-provider" "^2.0.0"
      "@smithy/protocol-http" "^2.0.3"
      "@smithy/signature-v4" "^2.0.0"
      "@smithy/types" "^2.2.0"
      "@smithy/util-middleware" "^2.0.0"
      tslib "^2.5.0"
  
  "@aws-sdk/middleware-user-agent@3.391.0":
    version "3.391.0"
    resolved "https://registry.npmjs.org/@aws-sdk/middleware-user-agent/-/middleware-user-agent-3.391.0.tgz"
    integrity sha512-LdK9uMNA14zqRw3B79Mhy7GX36qld/GYo93xuu+lr+AQ98leZEdc6GUbrtNDI3fP1Z8TMQcyHUKBml4/B+wXpQ==
    dependencies:
      "@aws-sdk/types" "3.391.0"
      "@aws-sdk/util-endpoints" "3.391.0"
      "@smithy/protocol-http" "^2.0.3"
      "@smithy/types" "^2.2.0"
      tslib "^2.5.0"
  
  "@aws-sdk/token-providers@3.391.0":
    version "3.391.0"
    resolved "https://registry.npmjs.org/@aws-sdk/token-providers/-/token-providers-3.391.0.tgz"
    integrity sha512-kgfArsKLDJE71qQjfXiHiM5cZqgDHlMsqEx35+A65GmTWJaS1PGDqu3ZvVVU8E5mxnCCLw7vho21fsjvH6TBpg==
    dependencies:
      "@aws-crypto/sha256-browser" "3.0.0"
      "@aws-crypto/sha256-js" "3.0.0"
      "@aws-sdk/middleware-host-header" "3.391.0"
      "@aws-sdk/middleware-logger" "3.391.0"
      "@aws-sdk/middleware-recursion-detection" "3.391.0"
      "@aws-sdk/middleware-user-agent" "3.391.0"
      "@aws-sdk/types" "3.391.0"
      "@aws-sdk/util-endpoints" "3.391.0"
      "@aws-sdk/util-user-agent-browser" "3.391.0"
      "@aws-sdk/util-user-agent-node" "3.391.0"
      "@smithy/config-resolver" "^2.0.3"
      "@smithy/fetch-http-handler" "^2.0.3"
      "@smithy/hash-node" "^2.0.3"
      "@smithy/invalid-dependency" "^2.0.3"
      "@smithy/middleware-content-length" "^2.0.3"
      "@smithy/middleware-endpoint" "^2.0.3"
      "@smithy/middleware-retry" "^2.0.3"
      "@smithy/middleware-serde" "^2.0.3"
      "@smithy/middleware-stack" "^2.0.0"
      "@smithy/node-config-provider" "^2.0.3"
      "@smithy/node-http-handler" "^2.0.3"
      "@smithy/property-provider" "^2.0.0"
      "@smithy/protocol-http" "^2.0.3"
      "@smithy/shared-ini-file-loader" "^2.0.0"
      "@smithy/smithy-client" "^2.0.3"
      "@smithy/types" "^2.2.0"
      "@smithy/url-parser" "^2.0.3"
      "@smithy/util-base64" "^2.0.0"
      "@smithy/util-body-length-browser" "^2.0.0"
      "@smithy/util-body-length-node" "^2.0.0"
      "@smithy/util-defaults-mode-browser" "^2.0.3"
      "@smithy/util-defaults-mode-node" "^2.0.3"
      "@smithy/util-retry" "^2.0.0"
      "@smithy/util-utf8" "^2.0.0"
      tslib "^2.5.0"
  
  "@aws-sdk/types@^3.222.0", "@aws-sdk/types@3.391.0":
    version "3.391.0"
    resolved "https://registry.npmjs.org/@aws-sdk/types/-/types-3.391.0.tgz"
    integrity sha512-QpYVFKMOnzHz/JMj/b8wb18qxiT92U/5r5MmtRz2R3LOH6ooTO96k4ozXCrYr0qNed1PAnOj73rPrrH2wnCJKQ==
    dependencies:
      "@smithy/types" "^2.2.0"
      tslib "^2.5.0"
  
  "@aws-sdk/util-dynamodb@^3.391.0":
    version "3.391.0"
    resolved "https://registry.npmjs.org/@aws-sdk/util-dynamodb/-/util-dynamodb-3.391.0.tgz"
    integrity sha512-cOqoIyWuQlLEhXorcnoq0P8mcN2iM/zyFRxazRyXYw3f6vjuDRGGAYhXHhcdkr+Nlr40pS7Al1559QktCbjb9g==
    dependencies:
      tslib "^2.5.0"
  
  "@aws-sdk/util-endpoints@3.391.0":
    version "3.391.0"
    resolved "https://registry.npmjs.org/@aws-sdk/util-endpoints/-/util-endpoints-3.391.0.tgz"
    integrity sha512-zv4sYDTQhNxyLoekcE02/nk3xvoo6yCHDy1kDJk0MFxOKaqUB+CvZdQBR4YBLSDlD4o4DUBmdYgKT58FfbM8sQ==
    dependencies:
      "@aws-sdk/types" "3.391.0"
      tslib "^2.5.0"
  
  "@aws-sdk/util-locate-window@^3.0.0":
    version "3.310.0"
    resolved "https://registry.npmjs.org/@aws-sdk/util-locate-window/-/util-locate-window-3.310.0.tgz"
    integrity sha512-qo2t/vBTnoXpjKxlsC2e1gBrRm80M3bId27r0BRB2VniSSe7bL1mmzM+/HFtujm0iAxtPM+aLEflLJlJeDPg0w==
    dependencies:
      tslib "^2.5.0"
  
  "@aws-sdk/util-user-agent-browser@3.391.0":
    version "3.391.0"
    resolved "https://registry.npmjs.org/@aws-sdk/util-user-agent-browser/-/util-user-agent-browser-3.391.0.tgz"
    integrity sha512-6ipHOB1WdCBNeAMJauN7l2qNE0WLVaTNhkD290/ElXm1FHGTL8yw6lIDIjhIFO1bmbZxDiKApwDiG7ROhaJoxQ==
    dependencies:
      "@aws-sdk/types" "3.391.0"
      "@smithy/types" "^2.2.0"
      bowser "^2.11.0"
      tslib "^2.5.0"
  
  "@aws-sdk/util-user-agent-node@3.391.0":
    version "3.391.0"
    resolved "https://registry.npmjs.org/@aws-sdk/util-user-agent-node/-/util-user-agent-node-3.391.0.tgz"
    integrity sha512-PVvAK/Lf4BdB1eJIZtyFpGSslGQwKpYt9/hKs5NlR+qxBMXU9T0DnTqH4GiXZaazvXr7OUVWitIF2b7iKBMTow==
    dependencies:
      "@aws-sdk/types" "3.391.0"
      "@smithy/node-config-provider" "^2.0.3"
      "@smithy/types" "^2.2.0"
      tslib "^2.5.0"
  
  "@aws-sdk/util-utf8-browser@^3.0.0":
    version "3.259.0"
    resolved "https://registry.npmjs.org/@aws-sdk/util-utf8-browser/-/util-utf8-browser-3.259.0.tgz"
    integrity sha512-UvFa/vR+e19XookZF8RzFZBrw2EUkQWxiBW0yYQAhvk3C+QVGl0H3ouca8LDBlBfQKXwmW3huo/59H8rwb1wJw==
    dependencies:
      tslib "^2.3.1"
  
  "@esbuild/darwin-x64@0.19.2":
    version "0.19.2"
    resolved "https://registry.npmjs.org/@esbuild/darwin-x64/-/darwin-x64-0.19.2.tgz"
    integrity sha512-tP+B5UuIbbFMj2hQaUr6EALlHOIOmlLM2FK7jeFBobPy2ERdohI4Ka6ZFjZ1ZYsrHE/hZimGuU90jusRE0pwDw==
  
  "@fusionauth/typescript-client@^1.47.0":
    version "1.47.0"
    resolved "https://registry.npmjs.org/@fusionauth/typescript-client/-/typescript-client-1.47.0.tgz"
    integrity sha512-XXBy5BnoTED5HScxtxgbHEO3neIkTocEo9AUVDprk3JER49BbZbaNoMHrbMioJNAM5LWs3AN8AHIot18oq96nA==
    dependencies:
      node-fetch "^2.6.1"
  
  "@kafkajs/confluent-schema-registry@^3.3.0":
    version "3.3.0"
    resolved "https://registry.npmjs.org/@kafkajs/confluent-schema-registry/-/confluent-schema-registry-3.3.0.tgz"
    integrity sha512-ImuqcHdJuJLNvfDgQwPP0EEKY4yzwGJ1t0Jyf0aAwWK2TGExXTQmeXCtcu3rdSHBEwrS7T30c6HNVxBPVA1hHQ==
    dependencies:
      ajv "^7.1.0"
      avsc ">= 5.4.13 < 6"
      mappersmith ">= 2.30.1 < 3"
      protobufjs "^6.10.1"
  
  "@protobufjs/aspromise@^1.1.1", "@protobufjs/aspromise@^1.1.2":
    version "1.1.2"
    resolved "https://registry.npmjs.org/@protobufjs/aspromise/-/aspromise-1.1.2.tgz"
    integrity sha512-j+gKExEuLmKwvz3OgROXtrJ2UG2x8Ch2YZUxahh+s1F2HZ+wAceUNLkvy6zKCPVRkU++ZWQrdxsUeQXmcg4uoQ==
  
  "@protobufjs/base64@^1.1.2":
    version "1.1.2"
    resolved "https://registry.npmjs.org/@protobufjs/base64/-/base64-1.1.2.tgz"
    integrity sha512-AZkcAA5vnN/v4PDqKyMR5lx7hZttPDgClv83E//FMNhR2TMcLUhfRUBHCmSl0oi9zMgDDqRUJkSxO3wm85+XLg==
  
  "@protobufjs/codegen@^2.0.4":
    version "2.0.4"
    resolved "https://registry.npmjs.org/@protobufjs/codegen/-/codegen-2.0.4.tgz"
    integrity sha512-YyFaikqM5sH0ziFZCN3xDC7zeGaB/d0IUb9CATugHWbd1FRFwWwt4ld4OYMPWu5a3Xe01mGAULCdqhMlPl29Jg==
  
  "@protobufjs/eventemitter@^1.1.0":
    version "1.1.0"
    resolved "https://registry.npmjs.org/@protobufjs/eventemitter/-/eventemitter-1.1.0.tgz"
    integrity sha512-j9ednRT81vYJ9OfVuXG6ERSTdEL1xVsNgqpkxMsbIabzSo3goCjDIveeGv5d03om39ML71RdmrGNjG5SReBP/Q==
  
  "@protobufjs/fetch@^1.1.0":
    version "1.1.0"
    resolved "https://registry.npmjs.org/@protobufjs/fetch/-/fetch-1.1.0.tgz"
    integrity sha512-lljVXpqXebpsijW71PZaCYeIcE5on1w5DlQy5WH6GLbFryLUrBD4932W/E2BSpfRJWseIL4v/KPgBFxDOIdKpQ==
    dependencies:
      "@protobufjs/aspromise" "^1.1.1"
      "@protobufjs/inquire" "^1.1.0"
  
  "@protobufjs/float@^1.0.2":
    version "1.0.2"
    resolved "https://registry.npmjs.org/@protobufjs/float/-/float-1.0.2.tgz"
    integrity sha512-Ddb+kVXlXst9d+R9PfTIxh1EdNkgoRe5tOX6t01f1lYWOvJnSPDBlG241QLzcyPdoNTsblLUdujGSE4RzrTZGQ==
  
  "@protobufjs/inquire@^1.1.0":
    version "1.1.0"
    resolved "https://registry.npmjs.org/@protobufjs/inquire/-/inquire-1.1.0.tgz"
    integrity sha512-kdSefcPdruJiFMVSbn801t4vFK7KB/5gd2fYvrxhuJYg8ILrmn9SKSX2tZdV6V+ksulWqS7aXjBcRXl3wHoD9Q==
  
  "@protobufjs/path@^1.1.2":
    version "1.1.2"
    resolved "https://registry.npmjs.org/@protobufjs/path/-/path-1.1.2.tgz"
    integrity sha512-6JOcJ5Tm08dOHAbdR3GrvP+yUUfkjG5ePsHYczMFLq3ZmMkAD98cDgcT2iA1lJ9NVwFd4tH/iSSoe44YWkltEA==
  
  "@protobufjs/pool@^1.1.0":
    version "1.1.0"
    resolved "https://registry.npmjs.org/@protobufjs/pool/-/pool-1.1.0.tgz"
    integrity sha512-0kELaGSIDBKvcgS4zkjz1PeddatrjYcmMWOlAuAPwAeccUrPHdUqo/J6LiymHHEiJT5NrF1UVwxY14f+fy4WQw==
  
  "@protobufjs/utf8@^1.1.0":
    version "1.1.0"
    resolved "https://registry.npmjs.org/@protobufjs/utf8/-/utf8-1.1.0.tgz"
    integrity sha512-Vvn3zZrhQZkkBE8LSuW3em98c0FwgO4nxzv6OdSxPKJIEKY2bGbHn+mhGIPerzI4twdxaP8/0+06HBpwf345Lw==
  
  "@smithy/abort-controller@^2.0.4":
    version "2.0.4"
    resolved "https://registry.npmjs.org/@smithy/abort-controller/-/abort-controller-2.0.4.tgz"
    integrity sha512-3+3/xRQ0K/NFVtKSiTGsUa3muZnVaBmHrLNgxwoBLZO9rNhwZtjjjf7pFJ6aoucoul/c/w3xobRkgi8F9MWX8Q==
    dependencies:
      "@smithy/types" "^2.2.1"
      tslib "^2.5.0"
  
  "@smithy/config-resolver@^2.0.3", "@smithy/config-resolver@^2.0.4":
    version "2.0.4"
    resolved "https://registry.npmjs.org/@smithy/config-resolver/-/config-resolver-2.0.4.tgz"
    integrity sha512-JtKWIKoCFeOY5JGQeEl81AKdIpzeLLSjSMmO5yoKqc58Yn3cxmteylT6Elba3FgAHjK1OthARRXz5JXaKKRB7g==
    dependencies:
      "@smithy/types" "^2.2.1"
      "@smithy/util-config-provider" "^2.0.0"
      "@smithy/util-middleware" "^2.0.0"
      tslib "^2.5.0"
  
  "@smithy/credential-provider-imds@^2.0.0", "@smithy/credential-provider-imds@^2.0.4":
    version "2.0.4"
    resolved "https://registry.npmjs.org/@smithy/credential-provider-imds/-/credential-provider-imds-2.0.4.tgz"
    integrity sha512-vW7xoDKZwjjf/2GCwVf/uvZce/QJOAYan9r8UsqlzOrnnpeS2ffhxeZjLK0/emZu8n6qU3amGgZ/BTo3oVtEyQ==
    dependencies:
      "@smithy/node-config-provider" "^2.0.4"
      "@smithy/property-provider" "^2.0.4"
      "@smithy/types" "^2.2.1"
      "@smithy/url-parser" "^2.0.4"
      tslib "^2.5.0"
  
  "@smithy/eventstream-codec@^2.0.4":
    version "2.0.4"
    resolved "https://registry.npmjs.org/@smithy/eventstream-codec/-/eventstream-codec-2.0.4.tgz"
    integrity sha512-DkVLcQjhOxPj/4pf2hNj2kvOeoLczirHe57g7czMNJCUBvg9cpU9hNgqS37Y5sjdEtMSa2oTyCS5oeHZtKgoIw==
    dependencies:
      "@aws-crypto/crc32" "3.0.0"
      "@smithy/types" "^2.2.1"
      "@smithy/util-hex-encoding" "^2.0.0"
      tslib "^2.5.0"
  
  "@smithy/fetch-http-handler@^2.0.3", "@smithy/fetch-http-handler@^2.0.4":
    version "2.0.4"
    resolved "https://registry.npmjs.org/@smithy/fetch-http-handler/-/fetch-http-handler-2.0.4.tgz"
    integrity sha512-1dwR8T+QMe5Gs60NpZgF7ReZp0SXz1O/aX5BdDhsOJh72fi3Bx2UZlDihCdb++9vPyBRMXFRF7I8/C4x8iIm8A==
    dependencies:
      "@smithy/protocol-http" "^2.0.4"
      "@smithy/querystring-builder" "^2.0.4"
      "@smithy/types" "^2.2.1"
      "@smithy/util-base64" "^2.0.0"
      tslib "^2.5.0"
  
  "@smithy/hash-node@^2.0.3":
    version "2.0.4"
    resolved "https://registry.npmjs.org/@smithy/hash-node/-/hash-node-2.0.4.tgz"
    integrity sha512-vZ6a/fvEAFJKNtxJsn0I2WM8uBdypLLhLTpP4BA6fRsBAtwIl5S4wTt0Hspy6uGNn/74LmCxGmFSTMMbSd7ZDA==
    dependencies:
      "@smithy/types" "^2.2.1"
      "@smithy/util-buffer-from" "^2.0.0"
      "@smithy/util-utf8" "^2.0.0"
      tslib "^2.5.0"
  
  "@smithy/invalid-dependency@^2.0.3":
    version "2.0.4"
    resolved "https://registry.npmjs.org/@smithy/invalid-dependency/-/invalid-dependency-2.0.4.tgz"
    integrity sha512-zfbPPZFiZvhIXJYKlzQwDUnxmWK/SmyDcM6iQJRZHU2jQZAzhHUXFGIu2lKH9L02VUqysOgQi3S/HY4fhrVT8w==
    dependencies:
      "@smithy/types" "^2.2.1"
      tslib "^2.5.0"
  
  "@smithy/is-array-buffer@^2.0.0":
    version "2.0.0"
    resolved "https://registry.npmjs.org/@smithy/is-array-buffer/-/is-array-buffer-2.0.0.tgz"
    integrity sha512-z3PjFjMyZNI98JFRJi/U0nGoLWMSJlDjAW4QUX2WNZLas5C0CmVV6LJ01JI0k90l7FvpmixjWxPFmENSClQ7ug==
    dependencies:
      tslib "^2.5.0"
  
  "@smithy/middleware-content-length@^2.0.3":
    version "2.0.4"
    resolved "https://registry.npmjs.org/@smithy/middleware-content-length/-/middleware-content-length-2.0.4.tgz"
    integrity sha512-Pdd+fhRbvizqsgYJ0pLWE6hjhq42wDFWzMj/1T7mEY9tG9bP6/AcdsQK8SAOckrBLURDoeSqTAwPKalsgcZBxw==
    dependencies:
      "@smithy/protocol-http" "^2.0.4"
      "@smithy/types" "^2.2.1"
      tslib "^2.5.0"
  
  "@smithy/middleware-endpoint@^2.0.3":
    version "2.0.4"
    resolved "https://registry.npmjs.org/@smithy/middleware-endpoint/-/middleware-endpoint-2.0.4.tgz"
    integrity sha512-aLPqkqKjZQ1V718P0Ostpp53nWfwK32uD0HFKSAOT25RvL285dqzGl0PAKDXpyLsPsPmHe0Yrg0AUFkRv4CRbQ==
    dependencies:
      "@smithy/middleware-serde" "^2.0.4"
      "@smithy/types" "^2.2.1"
      "@smithy/url-parser" "^2.0.4"
      "@smithy/util-middleware" "^2.0.0"
      tslib "^2.5.0"
  
  "@smithy/middleware-retry@^2.0.3":
    version "2.0.4"
    resolved "https://registry.npmjs.org/@smithy/middleware-retry/-/middleware-retry-2.0.4.tgz"
    integrity sha512-stozO6NgH9W/OSfFMOJEtlJCsnJFSoGyV4LHzIVQeXTzZ2RHjmytQ/Ez7GngHGZ1YsB4zxE1qDTXAU0AlaKf2w==
    dependencies:
      "@smithy/protocol-http" "^2.0.4"
      "@smithy/service-error-classification" "^2.0.0"
      "@smithy/types" "^2.2.1"
      "@smithy/util-middleware" "^2.0.0"
      "@smithy/util-retry" "^2.0.0"
      tslib "^2.5.0"
      uuid "^8.3.2"
  
  "@smithy/middleware-serde@^2.0.3", "@smithy/middleware-serde@^2.0.4":
    version "2.0.4"
    resolved "https://registry.npmjs.org/@smithy/middleware-serde/-/middleware-serde-2.0.4.tgz"
    integrity sha512-oDttJMMES7yXmopjQHnqTkxu8vZOdjB9VpSj94Ff4/GXdKQH7ozKLNIPq4C568nbeQbBt/gsLb6Ttbx1+j+JPQ==
    dependencies:
      "@smithy/types" "^2.2.1"
      tslib "^2.5.0"
  
  "@smithy/middleware-stack@^2.0.0":
    version "2.0.0"
    resolved "https://registry.npmjs.org/@smithy/middleware-stack/-/middleware-stack-2.0.0.tgz"
    integrity sha512-31XC1xNF65nlbc16yuh3wwTudmqs6qy4EseQUGF8A/p2m/5wdd/cnXJqpniy/XvXVwkHPz/GwV36HqzHtIKATQ==
    dependencies:
      tslib "^2.5.0"
  
  "@smithy/node-config-provider@^2.0.3", "@smithy/node-config-provider@^2.0.4":
    version "2.0.4"
    resolved "https://registry.npmjs.org/@smithy/node-config-provider/-/node-config-provider-2.0.4.tgz"
    integrity sha512-s9O90cEhkpzZulvdHBBaroZ6AJ5uV6qtmycgYKP1yOCSfPHGIWYwaULdbfxraUsvzCcnMosDNkfckqXYoKI6jw==
    dependencies:
      "@smithy/property-provider" "^2.0.4"
      "@smithy/shared-ini-file-loader" "^2.0.4"
      "@smithy/types" "^2.2.1"
      tslib "^2.5.0"
  
  "@smithy/node-http-handler@^2.0.3", "@smithy/node-http-handler@^2.0.4":
    version "2.0.4"
    resolved "https://registry.npmjs.org/@smithy/node-http-handler/-/node-http-handler-2.0.4.tgz"
    integrity sha512-svqeqkGgQz1B2m3IurHtp1O8vfuUGbqw6vynFmOrvPirRdiIPukHTZW1GN/JuBCtDpq9mNPutSVipfz2n4sZbQ==
    dependencies:
      "@smithy/abort-controller" "^2.0.4"
      "@smithy/protocol-http" "^2.0.4"
      "@smithy/querystring-builder" "^2.0.4"
      "@smithy/types" "^2.2.1"
      tslib "^2.5.0"
  
  "@smithy/property-provider@^2.0.0", "@smithy/property-provider@^2.0.4":
    version "2.0.4"
    resolved "https://registry.npmjs.org/@smithy/property-provider/-/property-provider-2.0.4.tgz"
    integrity sha512-OfaUIhnyvOkuCPHWMPkJqX++dUaDKsiZWuZqCdU04Z9dNAl2TtZAh7dw2rsZGb57vq6YH3PierNrDfQJTAKYtg==
    dependencies:
      "@smithy/types" "^2.2.1"
      tslib "^2.5.0"
  
  "@smithy/protocol-http@^2.0.3", "@smithy/protocol-http@^2.0.4":
    version "2.0.4"
    resolved "https://registry.npmjs.org/@smithy/protocol-http/-/protocol-http-2.0.4.tgz"
    integrity sha512-I1vCZ/m1U424gA9TXkL/pJ3HlRfujY8+Oj3GfDWcrNiWVmAeyx3CTvXw+yMHp2X01BOOu5fnyAa6JwAn1O+txA==
    dependencies:
      "@smithy/types" "^2.2.1"
      tslib "^2.5.0"
  
  "@smithy/querystring-builder@^2.0.4":
    version "2.0.4"
    resolved "https://registry.npmjs.org/@smithy/querystring-builder/-/querystring-builder-2.0.4.tgz"
    integrity sha512-Jc7UPx1pNeisYcABkoo2Pn4kvomy1UI7uxv7R+1W3806KMAKgYHutWmZG01aPHu2XH0zY2RF2KfGiuialsxHvA==
    dependencies:
      "@smithy/types" "^2.2.1"
      "@smithy/util-uri-escape" "^2.0.0"
      tslib "^2.5.0"
  
  "@smithy/querystring-parser@^2.0.4":
    version "2.0.4"
    resolved "https://registry.npmjs.org/@smithy/querystring-parser/-/querystring-parser-2.0.4.tgz"
    integrity sha512-Uh6+PhGxSo17qe2g/JlyoekvTHKn7dYWfmHqUzPAvkW+dHlc3DNVG3++PV48z33lCo5YDVBBturWQ9N/TKn+EA==
    dependencies:
      "@smithy/types" "^2.2.1"
      tslib "^2.5.0"
  
  "@smithy/service-error-classification@^2.0.0":
    version "2.0.0"
    resolved "https://registry.npmjs.org/@smithy/service-error-classification/-/service-error-classification-2.0.0.tgz"
    integrity sha512-2z5Nafy1O0cTf69wKyNjGW/sNVMiqDnb4jgwfMG8ye8KnFJ5qmJpDccwIbJNhXIfbsxTg9SEec2oe1cexhMJvw==
  
  "@smithy/shared-ini-file-loader@^2.0.0", "@smithy/shared-ini-file-loader@^2.0.4":
    version "2.0.4"
    resolved "https://registry.npmjs.org/@smithy/shared-ini-file-loader/-/shared-ini-file-loader-2.0.4.tgz"
    integrity sha512-091yneupXnSqvAU+vLG7h0g4QRRO6TjulpECXYVU6yW/LiNp7QE533DBpaphmbtI6tTC4EfGrhn35gTa0w+GQg==
    dependencies:
      "@smithy/types" "^2.2.1"
      tslib "^2.5.0"
  
  "@smithy/signature-v4@^2.0.0":
    version "2.0.4"
    resolved "https://registry.npmjs.org/@smithy/signature-v4/-/signature-v4-2.0.4.tgz"
    integrity sha512-y2xblkS0hb44QJDn9YjPp5aRFYSiI7w0bI3tATE3ybOrII2fppqD0SE3zgvew/B/3rTunuiCW+frTD0W4UYb9Q==
    dependencies:
      "@smithy/eventstream-codec" "^2.0.4"
      "@smithy/is-array-buffer" "^2.0.0"
      "@smithy/types" "^2.2.1"
      "@smithy/util-hex-encoding" "^2.0.0"
      "@smithy/util-middleware" "^2.0.0"
      "@smithy/util-uri-escape" "^2.0.0"
      "@smithy/util-utf8" "^2.0.0"
      tslib "^2.5.0"
  
  "@smithy/smithy-client@^2.0.3":
    version "2.0.4"
    resolved "https://registry.npmjs.org/@smithy/smithy-client/-/smithy-client-2.0.4.tgz"
    integrity sha512-Dg1dkqyj3jwa03RFs6E4ASmfQ7CjplbGISJIJNSt3F8NfIid2RalbeCMOIHK7VagKh9qngZNyoKxObZC9LB9Lg==
    dependencies:
      "@smithy/middleware-stack" "^2.0.0"
      "@smithy/types" "^2.2.1"
      "@smithy/util-stream" "^2.0.4"
      tslib "^2.5.0"
  
  "@smithy/types@^2.2.0", "@smithy/types@^2.2.1":
    version "2.2.1"
    resolved "https://registry.npmjs.org/@smithy/types/-/types-2.2.1.tgz"
    integrity sha512-6nyDOf027ZeJiQVm6PXmLm7dR+hR2YJUkr4VwUniXA8xZUGAu5Mk0zfx2BPFrt+e5YauvlIqQoH0CsrM4tLkfg==
    dependencies:
      tslib "^2.5.0"
  
  "@smithy/url-parser@^2.0.3", "@smithy/url-parser@^2.0.4":
    version "2.0.4"
    resolved "https://registry.npmjs.org/@smithy/url-parser/-/url-parser-2.0.4.tgz"
    integrity sha512-puIQ6+TJpI2AAPw7IGdGG6d2DEcVP5nJqa1VjrxzUcy2Jx7LtGn+gDHY2o9Pc9vQkmoicovTEKgvv7CdqP+0gg==
    dependencies:
      "@smithy/querystring-parser" "^2.0.4"
      "@smithy/types" "^2.2.1"
      tslib "^2.5.0"
  
  "@smithy/util-base64@^2.0.0":
    version "2.0.0"
    resolved "https://registry.npmjs.org/@smithy/util-base64/-/util-base64-2.0.0.tgz"
    integrity sha512-Zb1E4xx+m5Lud8bbeYi5FkcMJMnn+1WUnJF3qD7rAdXpaL7UjkFQLdmW5fHadoKbdHpwH9vSR8EyTJFHJs++tA==
    dependencies:
      "@smithy/util-buffer-from" "^2.0.0"
      tslib "^2.5.0"
  
  "@smithy/util-body-length-browser@^2.0.0":
    version "2.0.0"
    resolved "https://registry.npmjs.org/@smithy/util-body-length-browser/-/util-body-length-browser-2.0.0.tgz"
    integrity sha512-JdDuS4ircJt+FDnaQj88TzZY3+njZ6O+D3uakS32f2VNnDo3vyEuNdBOh/oFd8Df1zSZOuH1HEChk2AOYDezZg==
    dependencies:
      tslib "^2.5.0"
  
  "@smithy/util-body-length-node@^2.0.0":
    version "2.0.0"
    resolved "https://registry.npmjs.org/@smithy/util-body-length-node/-/util-body-length-node-2.0.0.tgz"
    integrity sha512-ZV7Z/WHTMxHJe/xL/56qZwSUcl63/5aaPAGjkfynJm4poILjdD4GmFI+V+YWabh2WJIjwTKZ5PNsuvPQKt93Mg==
    dependencies:
      tslib "^2.5.0"
  
  "@smithy/util-buffer-from@^2.0.0":
    version "2.0.0"
    resolved "https://registry.npmjs.org/@smithy/util-buffer-from/-/util-buffer-from-2.0.0.tgz"
    integrity sha512-/YNnLoHsR+4W4Vf2wL5lGv0ksg8Bmk3GEGxn2vEQt52AQaPSCuaO5PM5VM7lP1K9qHRKHwrPGktqVoAHKWHxzw==
    dependencies:
      "@smithy/is-array-buffer" "^2.0.0"
      tslib "^2.5.0"
  
  "@smithy/util-config-provider@^2.0.0":
    version "2.0.0"
    resolved "https://registry.npmjs.org/@smithy/util-config-provider/-/util-config-provider-2.0.0.tgz"
    integrity sha512-xCQ6UapcIWKxXHEU4Mcs2s7LcFQRiU3XEluM2WcCjjBtQkUN71Tb+ydGmJFPxMUrW/GWMgQEEGipLym4XG0jZg==
    dependencies:
      tslib "^2.5.0"
  
  "@smithy/util-defaults-mode-browser@^2.0.3":
    version "2.0.4"
    resolved "https://registry.npmjs.org/@smithy/util-defaults-mode-browser/-/util-defaults-mode-browser-2.0.4.tgz"
    integrity sha512-wGdnPt4Ng72duUd97HrlqVkq6DKVB/yjaGkSg5n3uuQKzzHjoi3OdjXGumD/VYPHz0dYd7wpLNG2CnMm/nfDrg==
    dependencies:
      "@smithy/property-provider" "^2.0.4"
      "@smithy/types" "^2.2.1"
      bowser "^2.11.0"
      tslib "^2.5.0"
  
  "@smithy/util-defaults-mode-node@^2.0.3":
    version "2.0.4"
    resolved "https://registry.npmjs.org/@smithy/util-defaults-mode-node/-/util-defaults-mode-node-2.0.4.tgz"
    integrity sha512-QMkNcV6x52BeeeIvhvow6UmOu7nP7DXQljY6DKOP/aAokrli53IWTP/kUTd9B0Mp9tbW3WC10O6zaM69xiMNYw==
    dependencies:
      "@smithy/config-resolver" "^2.0.4"
      "@smithy/credential-provider-imds" "^2.0.4"
      "@smithy/node-config-provider" "^2.0.4"
      "@smithy/property-provider" "^2.0.4"
      "@smithy/types" "^2.2.1"
      tslib "^2.5.0"
  
  "@smithy/util-hex-encoding@^2.0.0":
    version "2.0.0"
    resolved "https://registry.npmjs.org/@smithy/util-hex-encoding/-/util-hex-encoding-2.0.0.tgz"
    integrity sha512-c5xY+NUnFqG6d7HFh1IFfrm3mGl29lC+vF+geHv4ToiuJCBmIfzx6IeHLg+OgRdPFKDXIw6pvi+p3CsscaMcMA==
    dependencies:
      tslib "^2.5.0"
  
  "@smithy/util-middleware@^2.0.0":
    version "2.0.0"
    resolved "https://registry.npmjs.org/@smithy/util-middleware/-/util-middleware-2.0.0.tgz"
    integrity sha512-eCWX4ECuDHn1wuyyDdGdUWnT4OGyIzV0LN1xRttBFMPI9Ff/4heSHVxneyiMtOB//zpXWCha1/SWHJOZstG7kA==
    dependencies:
      tslib "^2.5.0"
  
  "@smithy/util-retry@^2.0.0":
    version "2.0.0"
    resolved "https://registry.npmjs.org/@smithy/util-retry/-/util-retry-2.0.0.tgz"
    integrity sha512-/dvJ8afrElasuiiIttRJeoS2sy8YXpksQwiM/TcepqdRVp7u4ejd9C4IQURHNjlfPUT7Y6lCDSa2zQJbdHhVTg==
    dependencies:
      "@smithy/service-error-classification" "^2.0.0"
      tslib "^2.5.0"
  
  "@smithy/util-stream@^2.0.4":
    version "2.0.4"
    resolved "https://registry.npmjs.org/@smithy/util-stream/-/util-stream-2.0.4.tgz"
    integrity sha512-ZVje79afuv3DB1Ma/g5m/5v9Zda8nA0xNgvE1pOD3EnoTp/Ekch1z20AN6gfVsf7JYWK2VSMVDiqI9N8Ua4wbg==
    dependencies:
      "@smithy/fetch-http-handler" "^2.0.4"
      "@smithy/node-http-handler" "^2.0.4"
      "@smithy/types" "^2.2.1"
      "@smithy/util-base64" "^2.0.0"
      "@smithy/util-buffer-from" "^2.0.0"
      "@smithy/util-hex-encoding" "^2.0.0"
      "@smithy/util-utf8" "^2.0.0"
      tslib "^2.5.0"
  
  "@smithy/util-uri-escape@^2.0.0":
    version "2.0.0"
    resolved "https://registry.npmjs.org/@smithy/util-uri-escape/-/util-uri-escape-2.0.0.tgz"
    integrity sha512-ebkxsqinSdEooQduuk9CbKcI+wheijxEb3utGXkCoYQkJnwTnLbH1JXGimJtUkQwNQbsbuYwG2+aFVyZf5TLaw==
    dependencies:
      tslib "^2.5.0"
  
  "@smithy/util-utf8@^2.0.0":
    version "2.0.0"
    resolved "https://registry.npmjs.org/@smithy/util-utf8/-/util-utf8-2.0.0.tgz"
    integrity sha512-rctU1VkziY84n5OXe3bPNpKR001ZCME2JCaBBFgtiM2hfKbHFudc/BkMuPab8hRbLd0j3vbnBTTZ1igBf0wgiQ==
    dependencies:
      "@smithy/util-buffer-from" "^2.0.0"
      tslib "^2.5.0"
  
  "@smithy/util-waiter@^2.0.3":
    version "2.0.4"
    resolved "https://registry.npmjs.org/@smithy/util-waiter/-/util-waiter-2.0.4.tgz"
    integrity sha512-NAzHgewL+sIJw9vlgR4m8btJiu1u0vuQRNRT7Bd5B66h02deFMmOaw1zeGePORZa7zyUwNZ2J5ZPkKzq4ced7Q==
    dependencies:
      "@smithy/abort-controller" "^2.0.4"
      "@smithy/types" "^2.2.1"
      tslib "^2.5.0"
  
  "@types/aws-lambda@^8.10.119":
    version "8.10.119"
    resolved "https://registry.npmjs.org/@types/aws-lambda/-/aws-lambda-8.10.119.tgz"
    integrity sha512-Vqm22aZrCvCd6I5g1SvpW151jfqwTzEZ7XJ3yZ6xaZG31nUEOEyzzVImjRcsN8Wi/QyPxId/x8GTtgIbsy8kEw==
  
  "@types/lodash@^4.14.197":
    version "4.14.197"
    resolved "https://registry.npmjs.org/@types/lodash/-/lodash-4.14.197.tgz"
    integrity sha512-BMVOiWs0uNxHVlHBgzTIqJYmj+PgCo4euloGF+5m4okL3rEYzM2EEv78mw8zWSMM57dM7kVIgJ2QDvwHSoCI5g==
  
  "@types/long@^4.0.1":
    version "4.0.2"
    resolved "https://registry.npmjs.org/@types/long/-/long-4.0.2.tgz"
    integrity sha512-MqTGEo5bj5t157U6fA/BiDynNkn0YknVdh48CMPkTSpFTVmvao5UQmm7uEF6xBEo7qIMAlY/JSleYaE6VOdpaA==
  
  "@types/node@^20.5.0", "@types/node@>=13.7.0":
    version "20.5.0"
    resolved "https://registry.npmjs.org/@types/node/-/node-20.5.0.tgz"
    integrity sha512-Mgq7eCtoTjT89FqNoTzzXg2XvCi5VMhRV6+I2aYanc6kQCBImeNaAYRs/DyoVqk1YEUJK5gN9VO7HRIdz4Wo3Q==
  
  accepts@~1.3.8:
    version "1.3.8"
    resolved "https://registry.npmjs.org/accepts/-/accepts-1.3.8.tgz"
    integrity sha512-PYAthTa2m2VKxuvSD3DPC/Gy+U+sOA1LAuT8mkmRuvw+NACSaeXEQ+NHcVF7rONl6qcaxV3Uuemwawk+7+SJLw==
    dependencies:
      mime-types "~2.1.34"
      negotiator "0.6.3"
  
  ajv@^7.1.0:
    version "7.2.4"
    resolved "https://registry.npmjs.org/ajv/-/ajv-7.2.4.tgz"
    integrity sha512-nBeQgg/ZZA3u3SYxyaDvpvDtgZ/EZPF547ARgZBrG9Bhu1vKDwAIjtIf+sDtJUKa2zOcEbmRLBRSyMraS/Oy1A==
    dependencies:
      fast-deep-equal "^3.1.1"
      json-schema-traverse "^1.0.0"
      require-from-string "^2.0.2"
      uri-js "^4.2.2"
  
  ansi-styles@^3.2.1:
    version "3.2.1"
    resolved "https://registry.npmjs.org/ansi-styles/-/ansi-styles-3.2.1.tgz"
    integrity sha512-VT0ZI6kZRdTh8YyJw3SMbYm/u+NqfsAxEpWO0Pf9sq8/e94WxxOpPKx9FR1FlyCtOVDNOQ+8ntlqFxiRc+r5qA==
    dependencies:
      color-convert "^1.9.0"
  
  array-buffer-byte-length@^1.0.0:
    version "1.0.0"
    resolved "https://registry.npmjs.org/array-buffer-byte-length/-/array-buffer-byte-length-1.0.0.tgz"
    integrity sha512-LPuwb2P+NrQw3XhxGc36+XSvuBPopovXYTR9Ew++Du9Yb/bx5AzBfrIsBoj0EZUifjQU+sHL21sseZ3jerWO/A==
    dependencies:
      call-bind "^1.0.2"
      is-array-buffer "^3.0.1"
  
  array-flatten@1.1.1:
    version "1.1.1"
    resolved "https://registry.npmjs.org/array-flatten/-/array-flatten-1.1.1.tgz"
    integrity sha512-PCVAQswWemu6UdxsDFFX/+gVeYqKAod3D3UVm91jHwynguOwAvYPhx8nNlM++NqRcK6CxxpUafjmhIdKiHibqg==
  
  arraybuffer.prototype.slice@^1.0.1:
    version "1.0.1"
    resolved "https://registry.npmjs.org/arraybuffer.prototype.slice/-/arraybuffer.prototype.slice-1.0.1.tgz"
    integrity sha512-09x0ZWFEjj4WD8PDbykUwo3t9arLn8NIzmmYEJFpYekOAQjpkGSyrQhNoRTcwwcFRu+ycWF78QZ63oWTqSjBcw==
    dependencies:
      array-buffer-byte-length "^1.0.0"
      call-bind "^1.0.2"
      define-properties "^1.2.0"
      get-intrinsic "^1.2.1"
      is-array-buffer "^3.0.2"
      is-shared-array-buffer "^1.0.2"
  
  available-typed-arrays@^1.0.5:
    version "1.0.5"
    resolved "https://registry.npmjs.org/available-typed-arrays/-/available-typed-arrays-1.0.5.tgz"
    integrity sha512-DMD0KiN46eipeziST1LPP/STfDU0sufISXmjSgvVsoU2tqxctQeASejWcfNtxYKqETM1UxQ8sp2OrSBWpHY6sw==
  
  "avsc@>= 5.4.13 < 6":
    version "5.7.7"
    resolved "https://registry.npmjs.org/avsc/-/avsc-5.7.7.tgz"
    integrity sha512-9cYNccliXZDByFsFliVwk5GvTq058Fj513CiR4E60ndDwmuXzTJEp/Bp8FyuRmGyYupLjHLs+JA9/CBoVS4/NQ==
  
  balanced-match@^1.0.0:
    version "1.0.2"
    resolved "https://registry.npmjs.org/balanced-match/-/balanced-match-1.0.2.tgz"
    integrity sha512-3oSeUO0TMV67hN1AmbXsK4yaqU7tjiHlbxRDZOpH0KW9+CeX4bRAaX0Anxt0tx2MrpRpWwQaPwIlISEJhYU5Pw==
  
  body-parser@^1.20.2:
    version "1.20.2"
    resolved "https://registry.npmjs.org/body-parser/-/body-parser-1.20.2.tgz"
    integrity sha512-ml9pReCu3M61kGlqoTm2umSXTlRTuGTx0bfYj+uIUKKYycG5NtSbeetV3faSU6R7ajOPw0g/J1PvK4qNy7s5bA==
    dependencies:
      bytes "3.1.2"
      content-type "~1.0.5"
      debug "2.6.9"
      depd "2.0.0"
      destroy "1.2.0"
      http-errors "2.0.0"
      iconv-lite "0.4.24"
      on-finished "2.4.1"
      qs "6.11.0"
      raw-body "2.5.2"
      type-is "~1.6.18"
      unpipe "1.0.0"
  
  body-parser@1.20.1:
    version "1.20.1"
    resolved "https://registry.npmjs.org/body-parser/-/body-parser-1.20.1.tgz"
    integrity sha512-jWi7abTbYwajOytWCQc37VulmWiRae5RyTpaCyDcS5/lMdtwSz5lOpDE67srw/HYe35f1z3fDQw+3txg7gNtWw==
    dependencies:
      bytes "3.1.2"
      content-type "~1.0.4"
      debug "2.6.9"
      depd "2.0.0"
      destroy "1.2.0"
      http-errors "2.0.0"
      iconv-lite "0.4.24"
      on-finished "2.4.1"
      qs "6.11.0"
      raw-body "2.5.1"
      type-is "~1.6.18"
      unpipe "1.0.0"
  
  bowser@^2.11.0:
    version "2.11.0"
    resolved "https://registry.npmjs.org/bowser/-/bowser-2.11.0.tgz"
    integrity sha512-AlcaJBi/pqqJBIQ8U9Mcpc9i8Aqxn88Skv5d+xBX006BY5u8N3mGLHa5Lgppa7L/HfwgwLgZ6NYs+Ag6uUmJRA==
  
  brace-expansion@^1.1.7:
    version "1.1.11"
    resolved "https://registry.npmjs.org/brace-expansion/-/brace-expansion-1.1.11.tgz"
    integrity sha512-iCuPHDFgrHX7H2vEI/5xpz07zSHB00TpugqhmYtVmMO6518mCuRMoOYFldEBl0g187ufozdaHgWKcYFb61qGiA==
    dependencies:
      balanced-match "^1.0.0"
      concat-map "0.0.1"
  
  bytes@3.1.2:
    version "3.1.2"
    resolved "https://registry.npmjs.org/bytes/-/bytes-3.1.2.tgz"
    integrity sha512-/Nf7TyzTx6S3yRJObOAV7956r8cr2+Oj8AC5dt8wSP3BQAoeX58NoHyCU8P8zGkNXStjTSi6fzO6F0pBdcYbEg==
  
  call-bind@^1.0.0, call-bind@^1.0.2:
    version "1.0.2"
    resolved "https://registry.npmjs.org/call-bind/-/call-bind-1.0.2.tgz"
    integrity sha512-7O+FbCihrB5WGbFYesctwmTKae6rOiIzmz1icreWJ+0aA7LJfuqhEso2T9ncpcFtzMQtzXf2QGGueWJGTYsqrA==
    dependencies:
      function-bind "^1.1.1"
      get-intrinsic "^1.0.2"
  
  chalk@^2.4.1:
    version "2.4.2"
    resolved "https://registry.npmjs.org/chalk/-/chalk-2.4.2.tgz"
    integrity sha512-Mti+f9lpJNcwF4tWV8/OrTTtF1gZi+f8FqlyAdouralcFWFQWF2+NgCHShjkCb+IFBLq9buZwE1xckQU4peSuQ==
    dependencies:
      ansi-styles "^3.2.1"
      escape-string-regexp "^1.0.5"
      supports-color "^5.3.0"
  
  color-convert@^1.9.0:
    version "1.9.3"
    resolved "https://registry.npmjs.org/color-convert/-/color-convert-1.9.3.tgz"
    integrity sha512-QfAUtd+vFdAtFQcC8CCyYt1fYWxSqAiK2cSD6zDB8N3cpsEBAvRxp9zOGg6G/SHHJYAT88/az/IuDGALsNVbGg==
    dependencies:
      color-name "1.1.3"
  
  color-name@1.1.3:
    version "1.1.3"
    resolved "https://registry.npmjs.org/color-name/-/color-name-1.1.3.tgz"
    integrity sha512-72fSenhMw2HZMTVHeCA9KCmpEIbzWiQsjN+BHcBbS9vr1mtt+vJjPdksIBNUmKAW8TFUDPJK5SUU3QhE9NEXDw==
  
  concat-map@0.0.1:
    version "0.0.1"
    resolved "https://registry.npmjs.org/concat-map/-/concat-map-0.0.1.tgz"
    integrity sha512-/Srv4dswyQNBfohGpz9o6Yb3Gz3SrUDqBH5rTuhGR7ahtlbYKnVxw2bCFMRljaA7EXHaXZ8wsHdodFvbkhKmqg==
  
  content-disposition@0.5.4:
    version "0.5.4"
    resolved "https://registry.npmjs.org/content-disposition/-/content-disposition-0.5.4.tgz"
    integrity sha512-FveZTNuGw04cxlAiWbzi6zTAL/lhehaWbTtgluJh4/E95DqMwTmha3KZN1aAWA8cFIhHzMZUvLevkw5Rqk+tSQ==
    dependencies:
      safe-buffer "5.2.1"
  
  content-type@~1.0.4, content-type@~1.0.5:
    version "1.0.5"
    resolved "https://registry.npmjs.org/content-type/-/content-type-1.0.5.tgz"
    integrity sha512-nTjqfcBFEipKdXCv4YDQWCfmcLZKm81ldF0pAopTvyrFGVbcR6P/VAAd5G7N+0tTr8QqiU0tFadD6FK4NtJwOA==
  
  cookie-signature@1.0.6:
    version "1.0.6"
    resolved "https://registry.npmjs.org/cookie-signature/-/cookie-signature-1.0.6.tgz"
    integrity sha512-QADzlaHc8icV8I7vbaJXJwod9HWYp8uCqf1xa4OfNu1T7JVxQIrUgOWtHdNDtPiywmFbiS12VjotIXLrKM3orQ==
  
  cookie@0.5.0:
    version "0.5.0"
    resolved "https://registry.npmjs.org/cookie/-/cookie-0.5.0.tgz"
    integrity sha512-YZ3GUyn/o8gfKJlnlX7g7xq4gyO6OSuhGPKaaGssGB2qgDUS0gPgtTvoyZLTt9Ab6dC4hfc9dV5arkvc/OCmrw==
  
  cross-spawn@^6.0.5:
    version "6.0.5"
    resolved "https://registry.npmjs.org/cross-spawn/-/cross-spawn-6.0.5.tgz"
    integrity sha512-eTVLrBSt7fjbDygz805pMnstIs2VTBNkRm0qxZd+M7A5XDdxVRWO5MxGBXZhjY4cqLYLdtrGqRf8mBPmzwSpWQ==
    dependencies:
      nice-try "^1.0.4"
      path-key "^2.0.1"
      semver "^5.5.0"
      shebang-command "^1.2.0"
      which "^1.2.9"
  
  debug@2.6.9:
    version "2.6.9"
    resolved "https://registry.npmjs.org/debug/-/debug-2.6.9.tgz"
    integrity sha512-bC7ElrdJaJnPbAP+1EotYvqZsb3ecl5wi6Bfi6BJTUcNowp6cvspg0jXznRTKDjm/E7AdgFBVeAPVMNcKGsHMA==
    dependencies:
      ms "2.0.0"
  
  define-properties@^1.1.3, define-properties@^1.1.4, define-properties@^1.2.0:
    version "1.2.0"
    resolved "https://registry.npmjs.org/define-properties/-/define-properties-1.2.0.tgz"
    integrity sha512-xvqAVKGfT1+UAvPwKTVw/njhdQ8ZhXK4lI0bCIuCMrp2up9nPnaDftrLtmpTazqd1o+UY4zgzU+avtMbDP+ldA==
    dependencies:
      has-property-descriptors "^1.0.0"
      object-keys "^1.1.1"
  
  depd@2.0.0:
    version "2.0.0"
    resolved "https://registry.npmjs.org/depd/-/depd-2.0.0.tgz"
    integrity sha512-g7nH6P6dyDioJogAAGprGpCtVImJhpPk/roCzdb3fIh61/s/nPsfR6onyMwkCAR/OlC3yBC0lESvUoQEAssIrw==
  
  destroy@1.2.0:
    version "1.2.0"
    resolved "https://registry.npmjs.org/destroy/-/destroy-1.2.0.tgz"
    integrity sha512-2sJGJTaXIIaR1w4iJSNoN0hnMY7Gpc/n8D4qSCJw8QqFWXf7cuAgnEHxBpweaVcPevC2l3KpjYCx3NypQQgaJg==
  
  ee-first@1.1.1:
    version "1.1.1"
    resolved "https://registry.npmjs.org/ee-first/-/ee-first-1.1.1.tgz"
    integrity sha512-WMwm9LhRUo+WUaRN+vRuETqG89IgZphVSNkdFgeb6sS/E4OrDIN7t48CAewSHXc6C8lefD8KKfr5vY61brQlow==
  
  encodeurl@~1.0.2:
    version "1.0.2"
    resolved "https://registry.npmjs.org/encodeurl/-/encodeurl-1.0.2.tgz"
    integrity sha512-TPJXq8JqFaVYm2CWmPvnP2Iyo4ZSM7/QKcSmuMLDObfpH5fi7RUGmd/rTDf+rut/saiDiQEeVTNgAmJEdAOx0w==
  
  error-ex@^1.3.1:
    version "1.3.2"
    resolved "https://registry.npmjs.org/error-ex/-/error-ex-1.3.2.tgz"
    integrity sha512-7dFHNmqeFSEt2ZBsCriorKnn3Z2pj+fd9kmI6QoWw4//DL+icEBfc0U7qJCisqrTsKTjw4fNFy2pW9OqStD84g==
    dependencies:
      is-arrayish "^0.2.1"
  
  es-abstract@^1.19.0, es-abstract@^1.20.4:
    version "1.22.1"
    resolved "https://registry.npmjs.org/es-abstract/-/es-abstract-1.22.1.tgz"
    integrity sha512-ioRRcXMO6OFyRpyzV3kE1IIBd4WG5/kltnzdxSCqoP8CMGs/Li+M1uF5o7lOkZVFjDs+NLesthnF66Pg/0q0Lw==
    dependencies:
      array-buffer-byte-length "^1.0.0"
      arraybuffer.prototype.slice "^1.0.1"
      available-typed-arrays "^1.0.5"
      call-bind "^1.0.2"
      es-set-tostringtag "^2.0.1"
      es-to-primitive "^1.2.1"
      function.prototype.name "^1.1.5"
      get-intrinsic "^1.2.1"
      get-symbol-description "^1.0.0"
      globalthis "^1.0.3"
      gopd "^1.0.1"
      has "^1.0.3"
      has-property-descriptors "^1.0.0"
      has-proto "^1.0.1"
      has-symbols "^1.0.3"
      internal-slot "^1.0.5"
      is-array-buffer "^3.0.2"
      is-callable "^1.2.7"
      is-negative-zero "^2.0.2"
      is-regex "^1.1.4"
      is-shared-array-buffer "^1.0.2"
      is-string "^1.0.7"
      is-typed-array "^1.1.10"
      is-weakref "^1.0.2"
      object-inspect "^1.12.3"
      object-keys "^1.1.1"
      object.assign "^4.1.4"
      regexp.prototype.flags "^1.5.0"
      safe-array-concat "^1.0.0"
      safe-regex-test "^1.0.0"
      string.prototype.trim "^1.2.7"
      string.prototype.trimend "^1.0.6"
      string.prototype.trimstart "^1.0.6"
      typed-array-buffer "^1.0.0"
      typed-array-byte-length "^1.0.0"
      typed-array-byte-offset "^1.0.0"
      typed-array-length "^1.0.4"
      unbox-primitive "^1.0.2"
      which-typed-array "^1.1.10"
  
  es-set-tostringtag@^2.0.1:
    version "2.0.1"
    resolved "https://registry.npmjs.org/es-set-tostringtag/-/es-set-tostringtag-2.0.1.tgz"
    integrity sha512-g3OMbtlwY3QewlqAiMLI47KywjWZoEytKr8pf6iTC8uJq5bIAH52Z9pnQ8pVL6whrCto53JZDuUIsifGeLorTg==
    dependencies:
      get-intrinsic "^1.1.3"
      has "^1.0.3"
      has-tostringtag "^1.0.0"
  
  es-to-primitive@^1.2.1:
    version "1.2.1"
    resolved "https://registry.npmjs.org/es-to-primitive/-/es-to-primitive-1.2.1.tgz"
    integrity sha512-QCOllgZJtaUo9miYBcLChTUaHNjJF3PYs1VidD7AwiEj1kYxKeQTctLAezAOH5ZKRH0g2IgPn6KwB4IT8iRpvA==
    dependencies:
      is-callable "^1.1.4"
      is-date-object "^1.0.1"
      is-symbol "^1.0.2"
  
  esbuild@^0.19.2:
    version "0.19.2"
    resolved "https://registry.npmjs.org/esbuild/-/esbuild-0.19.2.tgz"
    integrity sha512-G6hPax8UbFakEj3hWO0Vs52LQ8k3lnBhxZWomUJDxfz3rZTLqF5k/FCzuNdLx2RbpBiQQF9H9onlDDH1lZsnjg==
    optionalDependencies:
      "@esbuild/android-arm" "0.19.2"
      "@esbuild/android-arm64" "0.19.2"
      "@esbuild/android-x64" "0.19.2"
      "@esbuild/darwin-arm64" "0.19.2"
      "@esbuild/darwin-x64" "0.19.2"
      "@esbuild/freebsd-arm64" "0.19.2"
      "@esbuild/freebsd-x64" "0.19.2"
      "@esbuild/linux-arm" "0.19.2"
      "@esbuild/linux-arm64" "0.19.2"
      "@esbuild/linux-ia32" "0.19.2"
      "@esbuild/linux-loong64" "0.19.2"
      "@esbuild/linux-mips64el" "0.19.2"
      "@esbuild/linux-ppc64" "0.19.2"
      "@esbuild/linux-riscv64" "0.19.2"
      "@esbuild/linux-s390x" "0.19.2"
      "@esbuild/linux-x64" "0.19.2"
      "@esbuild/netbsd-x64" "0.19.2"
      "@esbuild/openbsd-x64" "0.19.2"
      "@esbuild/sunos-x64" "0.19.2"
      "@esbuild/win32-arm64" "0.19.2"
      "@esbuild/win32-ia32" "0.19.2"
      "@esbuild/win32-x64" "0.19.2"
  
  escape-html@~1.0.3:
    version "1.0.3"
    resolved "https://registry.npmjs.org/escape-html/-/escape-html-1.0.3.tgz"
    integrity sha512-NiSupZ4OeuGwr68lGIeym/ksIZMJodUGOSCZ/FSnTxcrekbvqrgdUxlJOMpijaKZVjAJrWrGs/6Jy8OMuyj9ow==
  
  escape-string-regexp@^1.0.5:
    version "1.0.5"
    resolved "https://registry.npmjs.org/escape-string-regexp/-/escape-string-regexp-1.0.5.tgz"
    integrity sha512-vbRorB5FUQWvla16U8R/qgaFIya2qGzwDrNmCZuYKrbdSUMG6I1ZCGQRefkRVhuOkIGVne7BQ35DSfo1qvJqFg==
  
  etag@~1.8.1:
    version "1.8.1"
    resolved "https://registry.npmjs.org/etag/-/etag-1.8.1.tgz"
    integrity sha512-aIL5Fx7mawVa300al2BnEE4iNvo1qETxLrPI/o05L7z6go7fCw1J6EQmbK4FmJ2AS7kgVF/KEZWufBfdClMcPg==
  
  express@^4.18.2:
    version "4.18.2"
    resolved "https://registry.npmjs.org/express/-/express-4.18.2.tgz"
    integrity sha512-5/PsL6iGPdfQ/lKM1UuielYgv3BUoJfz1aUwU9vHZ+J7gyvwdQXFEBIEIaxeGf0GIcreATNyBExtalisDbuMqQ==
    dependencies:
      accepts "~1.3.8"
      array-flatten "1.1.1"
      body-parser "1.20.1"
      content-disposition "0.5.4"
      content-type "~1.0.4"
      cookie "0.5.0"
      cookie-signature "1.0.6"
      debug "2.6.9"
      depd "2.0.0"
      encodeurl "~1.0.2"
      escape-html "~1.0.3"
      etag "~1.8.1"
      finalhandler "1.2.0"
      fresh "0.5.2"
      http-errors "2.0.0"
      merge-descriptors "1.0.1"
      methods "~1.1.2"
      on-finished "2.4.1"
      parseurl "~1.3.3"
      path-to-regexp "0.1.7"
      proxy-addr "~2.0.7"
      qs "6.11.0"
      range-parser "~1.2.1"
      safe-buffer "5.2.1"
      send "0.18.0"
      serve-static "1.15.0"
      setprototypeof "1.2.0"
      statuses "2.0.1"
      type-is "~1.6.18"
      utils-merge "1.0.1"
      vary "~1.1.2"
  
  fast-deep-equal@^3.1.1:
    version "3.1.3"
    resolved "https://registry.npmjs.org/fast-deep-equal/-/fast-deep-equal-3.1.3.tgz"
    integrity sha512-f3qQ9oQy9j2AhBe/H9VC91wLmKBCCU/gDOnKNAYG5hswO7BLKj09Hc5HYNz9cGI++xlpDCIgDaitVs03ATR84Q==
  
  fast-xml-parser@4.2.5:
    version "4.2.5"
    resolved "https://registry.npmjs.org/fast-xml-parser/-/fast-xml-parser-4.2.5.tgz"
    integrity sha512-B9/wizE4WngqQftFPmdaMYlXoJlJOYxGQOanC77fq9k8+Z0v5dDSVh+3glErdIROP//s/jgb7ZuxKfB8nVyo0g==
    dependencies:
      strnum "^1.0.5"
  
  finalhandler@1.2.0:
    version "1.2.0"
    resolved "https://registry.npmjs.org/finalhandler/-/finalhandler-1.2.0.tgz"
    integrity sha512-5uXcUVftlQMFnWC9qu/svkWv3GTd2PfUhK/3PLkYNAe7FbqJMt3515HaxE6eRL74GdsriiwujiawdaB1BpEISg==
    dependencies:
      debug "2.6.9"
      encodeurl "~1.0.2"
      escape-html "~1.0.3"
      on-finished "2.4.1"
      parseurl "~1.3.3"
      statuses "2.0.1"
      unpipe "~1.0.0"
  
  for-each@^0.3.3:
    version "0.3.3"
    resolved "https://registry.npmjs.org/for-each/-/for-each-0.3.3.tgz"
    integrity sha512-jqYfLp7mo9vIyQf8ykW2v7A+2N4QjeCeI5+Dz9XraiO1ign81wjiH7Fb9vSOWvQfNtmSa4H2RoQTrrXivdUZmw==
    dependencies:
      is-callable "^1.1.3"
  
  forwarded@0.2.0:
    version "0.2.0"
    resolved "https://registry.npmjs.org/forwarded/-/forwarded-0.2.0.tgz"
    integrity sha512-buRG0fpBtRHSTCOASe6hD258tEubFoRLb4ZNA6NxMVHNw2gOcwHo9wyablzMzOA5z9xA9L1KNjk/Nt6MT9aYow==
  
  fresh@0.5.2:
    version "0.5.2"
    resolved "https://registry.npmjs.org/fresh/-/fresh-0.5.2.tgz"
    integrity sha512-zJ2mQYM18rEFOudeV4GShTGIQ7RbzA7ozbU9I/XBpm7kqgMywgmylMwXHxZJmkVoYkna9d2pVXVXPdYTP9ej8Q==
  
  function-bind@^1.1.1:
    version "1.1.1"
    resolved "https://registry.npmjs.org/function-bind/-/function-bind-1.1.1.tgz"
    integrity sha512-yIovAzMX49sF8Yl58fSCWJ5svSLuaibPxXQJFLmBObTuCr0Mf1KiPopGM9NiFjiYBCbfaa2Fh6breQ6ANVTI0A==
  
  function.prototype.name@^1.1.5:
    version "1.1.5"
    resolved "https://registry.npmjs.org/function.prototype.name/-/function.prototype.name-1.1.5.tgz"
    integrity sha512-uN7m/BzVKQnCUF/iW8jYea67v++2u7m5UgENbHRtdDVclOUP+FMPlCNdmk0h/ysGyo2tavMJEDqJAkJdRa1vMA==
    dependencies:
      call-bind "^1.0.2"
      define-properties "^1.1.3"
      es-abstract "^1.19.0"
      functions-have-names "^1.2.2"
  
  functions-have-names@^1.2.2, functions-have-names@^1.2.3:
    version "1.2.3"
    resolved "https://registry.npmjs.org/functions-have-names/-/functions-have-names-1.2.3.tgz"
    integrity sha512-xckBUXyTIqT97tq2x2AMb+g163b5JFysYk0x4qxNFwbfQkmNZoiRHb6sPzI9/QV33WeuvVYBUIiD4NzNIyqaRQ==
  
  get-intrinsic@^1.0.2, get-intrinsic@^1.1.1, get-intrinsic@^1.1.3, get-intrinsic@^1.2.0, get-intrinsic@^1.2.1:
    version "1.2.1"
    resolved "https://registry.npmjs.org/get-intrinsic/-/get-intrinsic-1.2.1.tgz"
    integrity sha512-2DcsyfABl+gVHEfCOaTrWgyt+tb6MSEGmKq+kI5HwLbIYgjgmMcV8KQ41uaKz1xxUcn9tJtgFbQUEVcEbd0FYw==
    dependencies:
      function-bind "^1.1.1"
      has "^1.0.3"
      has-proto "^1.0.1"
      has-symbols "^1.0.3"
  
  get-symbol-description@^1.0.0:
    version "1.0.0"
    resolved "https://registry.npmjs.org/get-symbol-description/-/get-symbol-description-1.0.0.tgz"
    integrity sha512-2EmdH1YvIQiZpltCNgkuiUnyukzxM/R6NDJX31Ke3BG1Nq5b0S2PhX59UKi9vZpPDQVdqn+1IcaAwnzTT5vCjw==
    dependencies:
      call-bind "^1.0.2"
      get-intrinsic "^1.1.1"
  
  globalthis@^1.0.3:
    version "1.0.3"
    resolved "https://registry.npmjs.org/globalthis/-/globalthis-1.0.3.tgz"
    integrity sha512-sFdI5LyBiNTHjRd7cGPWapiHWMOXKyuBNX/cWJ3NfzrZQVa8GI/8cofCl74AOVqq9W5kNmguTIzJ/1s2gyI9wA==
    dependencies:
      define-properties "^1.1.3"
  
  gopd@^1.0.1:
    version "1.0.1"
    resolved "https://registry.npmjs.org/gopd/-/gopd-1.0.1.tgz"
    integrity sha512-d65bNlIadxvpb/A2abVdlqKqV563juRnZ1Wtk6s1sIR8uNsXR70xqIzVqxVf1eTqDunwT2MkczEeaezCKTZhwA==
    dependencies:
      get-intrinsic "^1.1.3"
  
  graceful-fs@^4.1.2:
    version "4.2.11"
    resolved "https://registry.npmjs.org/graceful-fs/-/graceful-fs-4.2.11.tgz"
    integrity sha512-RbJ5/jmFcNNCcDV5o9eTnBLJ/HszWV0P73bc+Ff4nS/rJj+YaS6IGyiOL0VoBYX+l1Wrl3k63h/KrH+nhJ0XvQ==
  
  has-bigints@^1.0.1, has-bigints@^1.0.2:
    version "1.0.2"
    resolved "https://registry.npmjs.org/has-bigints/-/has-bigints-1.0.2.tgz"
    integrity sha512-tSvCKtBr9lkF0Ex0aQiP9N+OpV4zi2r/Nee5VkRDbaqv35RLYMzbwQfFSZZH0kR+Rd6302UJZ2p/bJCEoR3VoQ==
  
  has-flag@^3.0.0:
    version "3.0.0"
    resolved "https://registry.npmjs.org/has-flag/-/has-flag-3.0.0.tgz"
    integrity sha512-sKJf1+ceQBr4SMkvQnBDNDtf4TXpVhVGateu0t918bl30FnbE2m4vNLX+VWe/dpjlb+HugGYzW7uQXH98HPEYw==
  
  has-property-descriptors@^1.0.0:
    version "1.0.0"
    resolved "https://registry.npmjs.org/has-property-descriptors/-/has-property-descriptors-1.0.0.tgz"
    integrity sha512-62DVLZGoiEBDHQyqG4w9xCuZ7eJEwNmJRWw2VY84Oedb7WFcA27fiEVe8oUQx9hAUJ4ekurquucTGwsyO1XGdQ==
    dependencies:
      get-intrinsic "^1.1.1"
  
  has-proto@^1.0.1:
    version "1.0.1"
    resolved "https://registry.npmjs.org/has-proto/-/has-proto-1.0.1.tgz"
    integrity sha512-7qE+iP+O+bgF9clE5+UoBFzE65mlBiVj3tKCrlNQ0Ogwm0BjpT/gK4SlLYDMybDh5I3TCTKnPPa0oMG7JDYrhg==
  
  has-symbols@^1.0.2, has-symbols@^1.0.3:
    version "1.0.3"
    resolved "https://registry.npmjs.org/has-symbols/-/has-symbols-1.0.3.tgz"
    integrity sha512-l3LCuF6MgDNwTDKkdYGEihYjt5pRPbEg46rtlmnSPlUbgmB8LOIrKJbYYFBSbnPaJexMKtiPO8hmeRjRz2Td+A==
  
  has-tostringtag@^1.0.0:
    version "1.0.0"
    resolved "https://registry.npmjs.org/has-tostringtag/-/has-tostringtag-1.0.0.tgz"
    integrity sha512-kFjcSNhnlGV1kyoGk7OXKSawH5JOb/LzUc5w9B02hOTO0dfFRjbHQKvg1d6cf3HbeUmtU9VbbV3qzZ2Teh97WQ==
    dependencies:
      has-symbols "^1.0.2"
  
  has@^1.0.3:
    version "1.0.3"
    resolved "https://registry.npmjs.org/has/-/has-1.0.3.tgz"
    integrity sha512-f2dvO0VU6Oej7RkWJGrehjbzMAjFp5/VKPp5tTpWIV4JHHZK1/BxbFRtf/siA2SWTe09caDmVtYYzWEIbBS4zw==
    dependencies:
      function-bind "^1.1.1"
  
  hosted-git-info@^2.1.4:
    version "2.8.9"
    resolved "https://registry.npmjs.org/hosted-git-info/-/hosted-git-info-2.8.9.tgz"
    integrity sha512-mxIDAb9Lsm6DoOJ7xH+5+X4y1LU/4Hi50L9C5sIswK3JzULS4bwk1FvjdBgvYR4bzT4tuUQiC15FE2f5HbLvYw==
  
  http-errors@2.0.0:
    version "2.0.0"
    resolved "https://registry.npmjs.org/http-errors/-/http-errors-2.0.0.tgz"
    integrity sha512-FtwrG/euBzaEjYeRqOgly7G0qviiXoJWnvEH2Z1plBdXgbyjv34pHTSb9zoeHMyDy33+DWy5Wt9Wo+TURtOYSQ==
    dependencies:
      depd "2.0.0"
      inherits "2.0.4"
      setprototypeof "1.2.0"
      statuses "2.0.1"
      toidentifier "1.0.1"
  
  iconv-lite@0.4.24:
    version "0.4.24"
    resolved "https://registry.npmjs.org/iconv-lite/-/iconv-lite-0.4.24.tgz"
    integrity sha512-v3MXnZAcvnywkTUEZomIActle7RXXeedOR31wwl7VlyoXO4Qi9arvSenNQWne1TcRwhCL1HwLI21bEqdpj8/rA==
    dependencies:
      safer-buffer ">= 2.1.2 < 3"
  
  inherits@2.0.4:
    version "2.0.4"
    resolved "https://registry.npmjs.org/inherits/-/inherits-2.0.4.tgz"
    integrity sha512-k/vGaX4/Yla3WzyMCvTQOXYeIHvqOKtnqBduzTHpzpQZzAskKMhZ2K+EnBiSM9zGSoIFeMpXKxa4dYeZIQqewQ==
  
  internal-slot@^1.0.5:
    version "1.0.5"
    resolved "https://registry.npmjs.org/internal-slot/-/internal-slot-1.0.5.tgz"
    integrity sha512-Y+R5hJrzs52QCG2laLn4udYVnxsfny9CpOhNhUvk/SSSVyF6T27FzRbF0sroPidSu3X8oEAkOn2K804mjpt6UQ==
    dependencies:
      get-intrinsic "^1.2.0"
      has "^1.0.3"
      side-channel "^1.0.4"
  
  ipaddr.js@1.9.1:
    version "1.9.1"
    resolved "https://registry.npmjs.org/ipaddr.js/-/ipaddr.js-1.9.1.tgz"
    integrity sha512-0KI/607xoxSToH7GjN1FfSbLoU0+btTicjsQSWQlh/hZykN8KpmMf7uYwPW3R+akZ6R/w18ZlXSHBYXiYUPO3g==
  
  is-array-buffer@^3.0.1, is-array-buffer@^3.0.2:
    version "3.0.2"
    resolved "https://registry.npmjs.org/is-array-buffer/-/is-array-buffer-3.0.2.tgz"
    integrity sha512-y+FyyR/w8vfIRq4eQcM1EYgSTnmHXPqaF+IgzgraytCFq5Xh8lllDVmAZolPJiZttZLeFSINPYMaEJ7/vWUa1w==
    dependencies:
      call-bind "^1.0.2"
      get-intrinsic "^1.2.0"
      is-typed-array "^1.1.10"
  
  is-arrayish@^0.2.1:
    version "0.2.1"
    resolved "https://registry.npmjs.org/is-arrayish/-/is-arrayish-0.2.1.tgz"
    integrity sha512-zz06S8t0ozoDXMG+ube26zeCTNXcKIPJZJi8hBrF4idCLms4CG9QtK7qBl1boi5ODzFpjswb5JPmHCbMpjaYzg==
  
  is-bigint@^1.0.1:
    version "1.0.4"
    resolved "https://registry.npmjs.org/is-bigint/-/is-bigint-1.0.4.tgz"
    integrity sha512-zB9CruMamjym81i2JZ3UMn54PKGsQzsJeo6xvN3HJJ4CAsQNB6iRutp2To77OfCNuoxspsIhzaPoO1zyCEhFOg==
    dependencies:
      has-bigints "^1.0.1"
  
  is-boolean-object@^1.1.0:
    version "1.1.2"
    resolved "https://registry.npmjs.org/is-boolean-object/-/is-boolean-object-1.1.2.tgz"
    integrity sha512-gDYaKHJmnj4aWxyj6YHyXVpdQawtVLHU5cb+eztPGczf6cjuTdwve5ZIEfgXqH4e57An1D1AKf8CZ3kYrQRqYA==
    dependencies:
      call-bind "^1.0.2"
      has-tostringtag "^1.0.0"
  
  is-callable@^1.1.3, is-callable@^1.1.4, is-callable@^1.2.7:
    version "1.2.7"
    resolved "https://registry.npmjs.org/is-callable/-/is-callable-1.2.7.tgz"
    integrity sha512-1BC0BVFhS/p0qtw6enp8e+8OD0UrK0oFLztSjNzhcKA3WDuJxxAPXzPuPtKkjEY9UUoEWlX/8fgKeu2S8i9JTA==
  
  is-core-module@^2.13.0:
    version "2.13.0"
    resolved "https://registry.npmjs.org/is-core-module/-/is-core-module-2.13.0.tgz"
    integrity sha512-Z7dk6Qo8pOCp3l4tsX2C5ZVas4V+UxwQodwZhLopL91TX8UyyHEXafPcyoeeWuLrwzHcr3igO78wNLwHJHsMCQ==
    dependencies:
      has "^1.0.3"
  
  is-date-object@^1.0.1:
    version "1.0.5"
    resolved "https://registry.npmjs.org/is-date-object/-/is-date-object-1.0.5.tgz"
    integrity sha512-9YQaSxsAiSwcvS33MBk3wTCVnWK+HhF8VZR2jRxehM16QcVOdHqPn4VPHmRK4lSr38n9JriurInLcP90xsYNfQ==
    dependencies:
      has-tostringtag "^1.0.0"
  
  is-negative-zero@^2.0.2:
    version "2.0.2"
    resolved "https://registry.npmjs.org/is-negative-zero/-/is-negative-zero-2.0.2.tgz"
    integrity sha512-dqJvarLawXsFbNDeJW7zAz8ItJ9cd28YufuuFzh0G8pNHjJMnY08Dv7sYX2uF5UpQOwieAeOExEYAWWfu7ZZUA==
  
  is-number-object@^1.0.4:
    version "1.0.7"
    resolved "https://registry.npmjs.org/is-number-object/-/is-number-object-1.0.7.tgz"
    integrity sha512-k1U0IRzLMo7ZlYIfzRu23Oh6MiIFasgpb9X76eqfFZAqwH44UI4KTBvBYIZ1dSL9ZzChTB9ShHfLkR4pdW5krQ==
    dependencies:
      has-tostringtag "^1.0.0"
  
  is-regex@^1.1.4:
    version "1.1.4"
    resolved "https://registry.npmjs.org/is-regex/-/is-regex-1.1.4.tgz"
    integrity sha512-kvRdxDsxZjhzUX07ZnLydzS1TU/TJlTUHHY4YLL87e37oUA49DfkLqgy+VjFocowy29cKvcSiu+kIv728jTTVg==
    dependencies:
      call-bind "^1.0.2"
      has-tostringtag "^1.0.0"
  
  is-shared-array-buffer@^1.0.2:
    version "1.0.2"
    resolved "https://registry.npmjs.org/is-shared-array-buffer/-/is-shared-array-buffer-1.0.2.tgz"
    integrity sha512-sqN2UDu1/0y6uvXyStCOzyhAjCSlHceFoMKJW8W9EU9cvic/QdsZ0kEU93HEy3IUEFZIiH/3w+AH/UQbPHNdhA==
    dependencies:
      call-bind "^1.0.2"
  
  is-string@^1.0.5, is-string@^1.0.7:
    version "1.0.7"
    resolved "https://registry.npmjs.org/is-string/-/is-string-1.0.7.tgz"
    integrity sha512-tE2UXzivje6ofPW7l23cjDOMa09gb7xlAqG6jG5ej6uPV32TlWP3NKPigtaGeHNu9fohccRYvIiZMfOOnOYUtg==
    dependencies:
      has-tostringtag "^1.0.0"
  
  is-symbol@^1.0.2, is-symbol@^1.0.3:
    version "1.0.4"
    resolved "https://registry.npmjs.org/is-symbol/-/is-symbol-1.0.4.tgz"
    integrity sha512-C/CPBqKWnvdcxqIARxyOh4v1UUEOCHpgDa0WYgpKDFMszcrPcffg5uhwSgPCLD2WWxmq6isisz87tzT01tuGhg==
    dependencies:
      has-symbols "^1.0.2"
  
  is-typed-array@^1.1.10, is-typed-array@^1.1.9:
    version "1.1.12"
    resolved "https://registry.npmjs.org/is-typed-array/-/is-typed-array-1.1.12.tgz"
    integrity sha512-Z14TF2JNG8Lss5/HMqt0//T9JeHXttXy5pH/DBU4vi98ozO2btxzq9MwYDZYnKwU8nRsz/+GVFVRDq3DkVuSPg==
    dependencies:
      which-typed-array "^1.1.11"
  
  is-weakref@^1.0.2:
    version "1.0.2"
    resolved "https://registry.npmjs.org/is-weakref/-/is-weakref-1.0.2.tgz"
    integrity sha512-qctsuLZmIQ0+vSSMfoVvyFe2+GSEvnmZ2ezTup1SBse9+twCCeial6EEi3Nc2KFcf6+qz2FBPnjXsk8xhKSaPQ==
    dependencies:
      call-bind "^1.0.2"
  
  isarray@^2.0.5:
    version "2.0.5"
    resolved "https://registry.npmjs.org/isarray/-/isarray-2.0.5.tgz"
    integrity sha512-xHjhDr3cNBK0BzdUJSPXZntQUx/mwMS5Rw4A7lPJ90XGAO6ISP/ePDNuo0vhqOZU+UD5JoodwCAAoZQd3FeAKw==
  
  isexe@^2.0.0:
    version "2.0.0"
    resolved "https://registry.npmjs.org/isexe/-/isexe-2.0.0.tgz"
    integrity sha512-RHxMLp9lnKHGHRng9QFhRCMbYAcVpn69smSGcq3f36xjgVVWThj4qqLbTLlq7Ssj8B+fIQ1EuCEGI2lKsyQeIw==
  
  json-parse-better-errors@^1.0.1:
    version "1.0.2"
    resolved "https://registry.npmjs.org/json-parse-better-errors/-/json-parse-better-errors-1.0.2.tgz"
    integrity sha512-mrqyZKfX5EhL7hvqcV6WG1yYjnjeuYDzDhhcAAUrq8Po85NBQBJP+ZDUT75qZQ98IkUoBqdkExkukOU7Ts2wrw==
  
  json-schema-traverse@^1.0.0:
    version "1.0.0"
    resolved "https://registry.npmjs.org/json-schema-traverse/-/json-schema-traverse-1.0.0.tgz"
    integrity sha512-NM8/P9n3XjXhIZn1lLhkFaACTOURQXjWhV4BA/RnOv8xvgqtqpAX9IO4mRQxSx1Rlo4tqzeqb0sOlruaOy3dug==
  
  kafkajs@^2.2.4:
    version "2.2.4"
    resolved "https://registry.npmjs.org/kafkajs/-/kafkajs-2.2.4.tgz"
    integrity sha512-j/YeapB1vfPT2iOIUn/vxdyKEuhuY2PxMBvf5JWux6iSaukAccrMtXEY/Lb7OvavDhOWME589bpLrEdnVHjfjA==
  
  load-json-file@^4.0.0:
    version "4.0.0"
    resolved "https://registry.npmjs.org/load-json-file/-/load-json-file-4.0.0.tgz"
    integrity sha512-Kx8hMakjX03tiGTLAIdJ+lL0htKnXjEZN6hk/tozf/WOuYGdZBJrZ+rCJRbVCugsjB3jMLn9746NsQIf5VjBMw==
    dependencies:
      graceful-fs "^4.1.2"
      parse-json "^4.0.0"
      pify "^3.0.0"
      strip-bom "^3.0.0"
  
  lodash.merge@^4.6.2:
    version "4.6.2"
    resolved "https://registry.npmjs.org/lodash.merge/-/lodash.merge-4.6.2.tgz"
    integrity sha512-0KpjqXRVvrYyCsX1swR/XTK0va6VQkQM6MNo7PqW77ByjAhoARA8EfrP1N4+KlKj8YS0ZUCtRT/YUuhyYDujIQ==
  
  lodash@^4.17.21:
    version "4.17.21"
    resolved "https://registry.npmjs.org/lodash/-/lodash-4.17.21.tgz"
    integrity sha512-v2kDEe57lecTulaDIuNTPy3Ry4gLGJ6Z1O3vE1krgXZNrsQ+LFTGHVxVjcXPs17LhbZVGedAJv8XZ1tvj5FvSg==
  
  long@^4.0.0:
    version "4.0.0"
    resolved "https://registry.npmjs.org/long/-/long-4.0.0.tgz"
    integrity sha512-XsP+KhQif4bjX1kbuSiySJFNAehNxgLb6hPRGJ9QsUr8ajHkuXGdrHmFUTUUXhDwVX2R5bY4JNZEwbUiMhV+MA==
  
  "mappersmith@>= 2.30.1 < 3":
    version "2.41.0"
    resolved "https://registry.npmjs.org/mappersmith/-/mappersmith-2.41.0.tgz"
    integrity sha512-kg2PXCFiM0WBMKZSgkvVBhF6SV7vdDEUsql5+DGdEHYZx9cwK+2QCSnsZ2EI4oyIWHMdIN/l+4yiyXJTsH7PcQ==
  
  media-typer@0.3.0:
    version "0.3.0"
    resolved "https://registry.npmjs.org/media-typer/-/media-typer-0.3.0.tgz"
    integrity sha512-dq+qelQ9akHpcOl/gUVRTxVIOkAJ1wR3QAvb4RsVjS8oVoFjDGTc679wJYmUmknUF5HwMLOgb5O+a3KxfWapPQ==
  
  memorystream@^0.3.1:
    version "0.3.1"
    resolved "https://registry.npmjs.org/memorystream/-/memorystream-0.3.1.tgz"
    integrity sha512-S3UwM3yj5mtUSEfP41UZmt/0SCoVYUcU1rkXv+BQ5Ig8ndL4sPoJNBUJERafdPb5jjHJGuMgytgKvKIf58XNBw==
  
  merge-descriptors@1.0.1:
    version "1.0.1"
    resolved "https://registry.npmjs.org/merge-descriptors/-/merge-descriptors-1.0.1.tgz"
    integrity sha512-cCi6g3/Zr1iqQi6ySbseM1Xvooa98N0w31jzUYrXPX2xqObmFGHJ0tQ5u74H3mVh7wLouTseZyYIq39g8cNp1w==
  
  methods@~1.1.2:
    version "1.1.2"
    resolved "https://registry.npmjs.org/methods/-/methods-1.1.2.tgz"
    integrity sha512-iclAHeNqNm68zFtnZ0e+1L2yUIdvzNoauKU4WBA3VvH/vPFieF7qfRlwUZU+DA9P9bPXIS90ulxoUoCH23sV2w==
  
  mime-db@1.52.0:
    version "1.52.0"
    resolved "https://registry.npmjs.org/mime-db/-/mime-db-1.52.0.tgz"
    integrity sha512-sPU4uV7dYlvtWJxwwxHD0PuihVNiE7TyAbQ5SWxDCB9mUYvOgroQOwYQQOKPJ8CIbE+1ETVlOoK1UC2nU3gYvg==
  
  mime-types@~2.1.24, mime-types@~2.1.34:
    version "2.1.35"
    resolved "https://registry.npmjs.org/mime-types/-/mime-types-2.1.35.tgz"
    integrity sha512-ZDY+bPm5zTTF+YpCrAU9nK0UgICYPT0QtT1NZWFv4s++TNkcgVaT0g6+4R2uI4MjQjzysHB1zxuWL50hzaeXiw==
    dependencies:
      mime-db "1.52.0"
  
  mime@1.6.0:
    version "1.6.0"
    resolved "https://registry.npmjs.org/mime/-/mime-1.6.0.tgz"
    integrity sha512-x0Vn8spI+wuJ1O6S7gnbaQg8Pxh4NNHb7KSINmEWKiPE4RKOplvijn+NkmYmmRgP68mc70j2EbeTFRsrswaQeg==
  
  minimatch@^3.0.4:
    version "3.1.2"
    resolved "https://registry.npmjs.org/minimatch/-/minimatch-3.1.2.tgz"
    integrity sha512-J7p63hRiAjw1NDEww1W7i37+ByIrOWO5XQQAzZ3VOcL0PNybwpfmV/N05zFAzwQ9USyEcX6t3UO+K5aqBQOIHw==
    dependencies:
      brace-expansion "^1.1.7"
  
  ms@2.0.0:
    version "2.0.0"
    resolved "https://registry.npmjs.org/ms/-/ms-2.0.0.tgz"
    integrity sha512-Tpp60P6IUJDTuOq/5Z8cdskzJujfwqfOTkrwIwj7IRISpnkJnT6SyJ4PCPnGMoFjC9ddhal5KVIYtAt97ix05A==
  
  ms@2.1.3:
    version "2.1.3"
    resolved "https://registry.npmjs.org/ms/-/ms-2.1.3.tgz"
    integrity sha512-6FlzubTLZG3J2a/NVCAleEhjzq5oxgHyaCU9yYXvcLsvoVaHJq/s5xXI6/XXP6tz7R9xAOtHnSO/tXtF3WRTlA==
  
  negotiator@0.6.3:
    version "0.6.3"
    resolved "https://registry.npmjs.org/negotiator/-/negotiator-0.6.3.tgz"
    integrity sha512-+EUsqGPLsM+j/zdChZjsnX51g4XrHFOIXwfnCVPGlQk/k5giakcKsuxCObBRu6DSm9opw/O6slWbJdghQM4bBg==
  
  nice-try@^1.0.4:
    version "1.0.5"
    resolved "https://registry.npmjs.org/nice-try/-/nice-try-1.0.5.tgz"
    integrity sha512-1nh45deeb5olNY7eX82BkPO7SSxR5SSYJiPTrTdFUVYwAl8CKMA5N9PjTYkHiRjisVcxcQ1HXdLhx2qxxJzLNQ==
  
  node-fetch@^2.6.1:
    version "2.6.12"
    resolved "https://registry.npmjs.org/node-fetch/-/node-fetch-2.6.12.tgz"
    integrity sha512-C/fGU2E8ToujUivIO0H+tpQ6HWo4eEmchoPIoXtxCrVghxdKq+QOHqEZW7tuP3KlV3bC8FRMO5nMCC7Zm1VP6g==
    dependencies:
      whatwg-url "^5.0.0"
  
  normalize-package-data@^2.3.2:
    version "2.5.0"
    resolved "https://registry.npmjs.org/normalize-package-data/-/normalize-package-data-2.5.0.tgz"
    integrity sha512-/5CMN3T0R4XTj4DcGaexo+roZSdSFW/0AOOTROrjxzCG1wrWXEsGbRKevjlIL+ZDE4sZlJr5ED4YW0yqmkK+eA==
    dependencies:
      hosted-git-info "^2.1.4"
      resolve "^1.10.0"
      semver "2 || 3 || 4 || 5"
      validate-npm-package-license "^3.0.1"
  
  npm-run-all@^4.1.5:
    version "4.1.5"
    resolved "https://registry.npmjs.org/npm-run-all/-/npm-run-all-4.1.5.tgz"
    integrity sha512-Oo82gJDAVcaMdi3nuoKFavkIHBRVqQ1qvMb+9LHk/cF4P6B2m8aP04hGf7oL6wZ9BuGwX1onlLhpuoofSyoQDQ==
    dependencies:
      ansi-styles "^3.2.1"
      chalk "^2.4.1"
      cross-spawn "^6.0.5"
      memorystream "^0.3.1"
      minimatch "^3.0.4"
      pidtree "^0.3.0"
      read-pkg "^3.0.0"
      shell-quote "^1.6.1"
      string.prototype.padend "^3.0.0"
  
  object-inspect@^1.12.3, object-inspect@^1.9.0:
    version "1.12.3"
    resolved "https://registry.npmjs.org/object-inspect/-/object-inspect-1.12.3.tgz"
    integrity sha512-geUvdk7c+eizMNUDkRpW1wJwgfOiOeHbxBR/hLXK1aT6zmVSO0jsQcs7fj6MGw89jC/cjGfLcNOrtMYtGqm81g==
  
  object-keys@^1.1.1:
    version "1.1.1"
    resolved "https://registry.npmjs.org/object-keys/-/object-keys-1.1.1.tgz"
    integrity sha512-NuAESUOUMrlIXOfHKzD6bpPu3tYt3xvjNdRIQ+FeT0lNb4K8WR70CaDxhuNguS2XG+GjkyMwOzsN5ZktImfhLA==
  
  object.assign@^4.1.4:
    version "4.1.4"
    resolved "https://registry.npmjs.org/object.assign/-/object.assign-4.1.4.tgz"
    integrity sha512-1mxKf0e58bvyjSCtKYY4sRe9itRk3PJpquJOjeIkz885CczcI4IvJJDLPS72oowuSh+pBxUFROpX+TU++hxhZQ==
    dependencies:
      call-bind "^1.0.2"
      define-properties "^1.1.4"
      has-symbols "^1.0.3"
      object-keys "^1.1.1"
  
  on-finished@2.4.1:
    version "2.4.1"
    resolved "https://registry.npmjs.org/on-finished/-/on-finished-2.4.1.tgz"
    integrity sha512-oVlzkg3ENAhCk2zdv7IJwd/QUD4z2RxRwpkcGY8psCVcCYZNq4wYnVWALHM+brtuJjePWiYF/ClmuDr8Ch5+kg==
    dependencies:
      ee-first "1.1.1"
  
  parse-json@^4.0.0:
    version "4.0.0"
    resolved "https://registry.npmjs.org/parse-json/-/parse-json-4.0.0.tgz"
    integrity sha512-aOIos8bujGN93/8Ox/jPLh7RwVnPEysynVFE+fQZyg6jKELEHwzgKdLRFHUgXJL6kylijVSBC4BvN9OmsB48Rw==
    dependencies:
      error-ex "^1.3.1"
      json-parse-better-errors "^1.0.1"
  
  parseurl@~1.3.3:
    version "1.3.3"
    resolved "https://registry.npmjs.org/parseurl/-/parseurl-1.3.3.tgz"
    integrity sha512-CiyeOxFT/JZyN5m0z9PfXw4SCBJ6Sygz1Dpl0wqjlhDEGGBP1GnsUVEL0p63hoG1fcj3fHynXi9NYO4nWOL+qQ==
  
  path-key@^2.0.1:
    version "2.0.1"
    resolved "https://registry.npmjs.org/path-key/-/path-key-2.0.1.tgz"
    integrity sha512-fEHGKCSmUSDPv4uoj8AlD+joPlq3peND+HRYyxFz4KPw4z926S/b8rIuFs2FYJg3BwsxJf6A9/3eIdLaYC+9Dw==
  
  path-parse@^1.0.7:
    version "1.0.7"
    resolved "https://registry.npmjs.org/path-parse/-/path-parse-1.0.7.tgz"
    integrity sha512-LDJzPVEEEPR+y48z93A0Ed0yXb8pAByGWo/k5YYdYgpY2/2EsOsksJrq7lOHxryrVOn1ejG6oAp8ahvOIQD8sw==
  
  path-to-regexp@0.1.7:
    version "0.1.7"
    resolved "https://registry.npmjs.org/path-to-regexp/-/path-to-regexp-0.1.7.tgz"
    integrity sha512-5DFkuoqlv1uYQKxy8omFBeJPQcdoE07Kv2sferDCrAq1ohOU+MSDswDIbnx3YAM60qIOnYa53wBhXW0EbMonrQ==
  
  path-type@^3.0.0:
    version "3.0.0"
    resolved "https://registry.npmjs.org/path-type/-/path-type-3.0.0.tgz"
    integrity sha512-T2ZUsdZFHgA3u4e5PfPbjd7HDDpxPnQb5jN0SrDsjNSuVXHJqtwTnWqG0B1jZrgmJ/7lj1EmVIByWt1gxGkWvg==
    dependencies:
      pify "^3.0.0"
  
  pidtree@^0.3.0:
    version "0.3.1"
    resolved "https://registry.npmjs.org/pidtree/-/pidtree-0.3.1.tgz"
    integrity sha512-qQbW94hLHEqCg7nhby4yRC7G2+jYHY4Rguc2bjw7Uug4GIJuu1tvf2uHaZv5Q8zdt+WKJ6qK1FOI6amaWUo5FA==
  
  pify@^3.0.0:
    version "3.0.0"
    resolved "https://registry.npmjs.org/pify/-/pify-3.0.0.tgz"
    integrity sha512-C3FsVNH1udSEX48gGX1xfvwTWfsYWj5U+8/uK15BGzIGrKoUpghX8hWZwa/OFnakBiiVNmBvemTJR5mcy7iPcg==
  
  protobufjs@^6.10.1:
    version "6.11.4"
    resolved "https://registry.npmjs.org/protobufjs/-/protobufjs-6.11.4.tgz"
    integrity sha512-5kQWPaJHi1WoCpjTGszzQ32PG2F4+wRY6BmAT4Vfw56Q2FZ4YZzK20xUYQH4YkfehY1e6QSICrJquM6xXZNcrw==
    dependencies:
      "@protobufjs/aspromise" "^1.1.2"
      "@protobufjs/base64" "^1.1.2"
      "@protobufjs/codegen" "^2.0.4"
      "@protobufjs/eventemitter" "^1.1.0"
      "@protobufjs/fetch" "^1.1.0"
      "@protobufjs/float" "^1.0.2"
      "@protobufjs/inquire" "^1.1.0"
      "@protobufjs/path" "^1.1.2"
      "@protobufjs/pool" "^1.1.0"
      "@protobufjs/utf8" "^1.1.0"
      "@types/long" "^4.0.1"
      "@types/node" ">=13.7.0"
      long "^4.0.0"
  
  proxy-addr@~2.0.7:
    version "2.0.7"
    resolved "https://registry.npmjs.org/proxy-addr/-/proxy-addr-2.0.7.tgz"
    integrity sha512-llQsMLSUDUPT44jdrU/O37qlnifitDP+ZwrmmZcoSKyLKvtZxpyV0n2/bD/N4tBAAZ/gJEdZU7KMraoK1+XYAg==
    dependencies:
      forwarded "0.2.0"
      ipaddr.js "1.9.1"
  
  punycode@^2.1.0:
    version "2.3.0"
    resolved "https://registry.npmjs.org/punycode/-/punycode-2.3.0.tgz"
    integrity sha512-rRV+zQD8tVFys26lAGR9WUuS4iUAngJScM+ZRSKtvl5tKeZ2t5bvdNFdNHBW9FWR4guGHlgmsZ1G7BSm2wTbuA==
  
  qs@6.11.0:
    version "6.11.0"
    resolved "https://registry.npmjs.org/qs/-/qs-6.11.0.tgz"
    integrity sha512-MvjoMCJwEarSbUYk5O+nmoSzSutSsTwF85zcHPQ9OrlFoZOYIjaqBAJIqIXjptyD5vThxGq52Xu/MaJzRkIk4Q==
    dependencies:
      side-channel "^1.0.4"
  
  range-parser@~1.2.1:
    version "1.2.1"
    resolved "https://registry.npmjs.org/range-parser/-/range-parser-1.2.1.tgz"
    integrity sha512-Hrgsx+orqoygnmhFbKaHE6c296J+HTAQXoxEF6gNupROmmGJRoyzfG3ccAveqCBrwr/2yxQ5BVd/GTl5agOwSg==
  
  raw-body@2.5.1:
    version "2.5.1"
    resolved "https://registry.npmjs.org/raw-body/-/raw-body-2.5.1.tgz"
    integrity sha512-qqJBtEyVgS0ZmPGdCFPWJ3FreoqvG4MVQln/kCgF7Olq95IbOp0/BWyMwbdtn4VTvkM8Y7khCQ2Xgk/tcrCXig==
    dependencies:
      bytes "3.1.2"
      http-errors "2.0.0"
      iconv-lite "0.4.24"
      unpipe "1.0.0"
  
  raw-body@2.5.2:
    version "2.5.2"
    resolved "https://registry.npmjs.org/raw-body/-/raw-body-2.5.2.tgz"
    integrity sha512-8zGqypfENjCIqGhgXToC8aB2r7YrBX+AQAfIPs/Mlk+BtPTztOvTS01NRW/3Eh60J+a48lt8qsCzirQ6loCVfA==
    dependencies:
      bytes "3.1.2"
      http-errors "2.0.0"
      iconv-lite "0.4.24"
      unpipe "1.0.0"
  
  read-pkg@^3.0.0:
    version "3.0.0"
    resolved "https://registry.npmjs.org/read-pkg/-/read-pkg-3.0.0.tgz"
    integrity sha512-BLq/cCO9two+lBgiTYNqD6GdtK8s4NpaWrl6/rCO9w0TUS8oJl7cmToOZfRYllKTISY6nt1U7jQ53brmKqY6BA==
    dependencies:
      load-json-file "^4.0.0"
      normalize-package-data "^2.3.2"
      path-type "^3.0.0"
  
  regexp.prototype.flags@^1.5.0:
    version "1.5.0"
    resolved "https://registry.npmjs.org/regexp.prototype.flags/-/regexp.prototype.flags-1.5.0.tgz"
    integrity sha512-0SutC3pNudRKgquxGoRGIz946MZVHqbNfPjBdxeOhBrdgDKlRoXmYLQN9xRbrR09ZXWeGAdPuif7egofn6v5LA==
    dependencies:
      call-bind "^1.0.2"
      define-properties "^1.2.0"
      functions-have-names "^1.2.3"
  
  require-from-string@^2.0.2:
    version "2.0.2"
    resolved "https://registry.npmjs.org/require-from-string/-/require-from-string-2.0.2.tgz"
    integrity sha512-Xf0nWe6RseziFMu+Ap9biiUbmplq6S9/p+7w7YXP/JBHhrUDDUhwa+vANyubuqfZWTveU//DYVGsDG7RKL/vEw==
  
  resolve@^1.10.0:
    version "1.22.4"
    resolved "https://registry.npmjs.org/resolve/-/resolve-1.22.4.tgz"
    integrity sha512-PXNdCiPqDqeUou+w1C2eTQbNfxKSuMxqTCuvlmmMsk1NWHL5fRrhY6Pl0qEYYc6+QqGClco1Qj8XnjPego4wfg==
    dependencies:
      is-core-module "^2.13.0"
      path-parse "^1.0.7"
      supports-preserve-symlinks-flag "^1.0.0"
  
  safe-array-concat@^1.0.0:
    version "1.0.0"
    resolved "https://registry.npmjs.org/safe-array-concat/-/safe-array-concat-1.0.0.tgz"
    integrity sha512-9dVEFruWIsnie89yym+xWTAYASdpw3CJV7Li/6zBewGf9z2i1j31rP6jnY0pHEO4QZh6N0K11bFjWmdR8UGdPQ==
    dependencies:
      call-bind "^1.0.2"
      get-intrinsic "^1.2.0"
      has-symbols "^1.0.3"
      isarray "^2.0.5"
  
  safe-buffer@5.2.1:
    version "5.2.1"
    resolved "https://registry.npmjs.org/safe-buffer/-/safe-buffer-5.2.1.tgz"
    integrity sha512-rp3So07KcdmmKbGvgaNxQSJr7bGVSVk5S9Eq1F+ppbRo70+YeaDxkw5Dd8NPN+GD6bjnYm2VuPuCXmpuYvmCXQ==
  
  safe-regex-test@^1.0.0:
    version "1.0.0"
    resolved "https://registry.npmjs.org/safe-regex-test/-/safe-regex-test-1.0.0.tgz"
    integrity sha512-JBUUzyOgEwXQY1NuPtvcj/qcBDbDmEvWufhlnXZIm75DEHp+afM1r1ujJpJsV/gSM4t59tpDyPi1sd6ZaPFfsA==
    dependencies:
      call-bind "^1.0.2"
      get-intrinsic "^1.1.3"
      is-regex "^1.1.4"
  
  "safer-buffer@>= 2.1.2 < 3":
    version "2.1.2"
    resolved "https://registry.npmjs.org/safer-buffer/-/safer-buffer-2.1.2.tgz"
    integrity sha512-YZo3K82SD7Riyi0E1EQPojLz7kpepnSQI9IyPbHHg1XXXevb5dJI7tpyN2ADxGcQbHG7vcyRHk0cbwqcQriUtg==
  
  semver@^5.5.0, "semver@2 || 3 || 4 || 5":
    version "5.7.2"
    resolved "https://registry.npmjs.org/semver/-/semver-5.7.2.tgz"
    integrity sha512-cBznnQ9KjJqU67B52RMC65CMarK2600WFnbkcaiwWq3xy/5haFJlshgnpjovMVJ+Hff49d8GEn0b87C5pDQ10g==
  
  send@0.18.0:
    version "0.18.0"
    resolved "https://registry.npmjs.org/send/-/send-0.18.0.tgz"
    integrity sha512-qqWzuOjSFOuqPjFe4NOsMLafToQQwBSOEpS+FwEt3A2V3vKubTquT3vmLTQpFgMXp8AlFWFuP1qKaJZOtPpVXg==
    dependencies:
      debug "2.6.9"
      depd "2.0.0"
      destroy "1.2.0"
      encodeurl "~1.0.2"
      escape-html "~1.0.3"
      etag "~1.8.1"
      fresh "0.5.2"
      http-errors "2.0.0"
      mime "1.6.0"
      ms "2.1.3"
      on-finished "2.4.1"
      range-parser "~1.2.1"
      statuses "2.0.1"
  
  serve-static@1.15.0:
    version "1.15.0"
    resolved "https://registry.npmjs.org/serve-static/-/serve-static-1.15.0.tgz"
    integrity sha512-XGuRDNjXUijsUL0vl6nSD7cwURuzEgglbOaFuZM9g3kwDXOWVTck0jLzjPzGD+TazWbboZYu52/9/XPdUgne9g==
    dependencies:
      encodeurl "~1.0.2"
      escape-html "~1.0.3"
      parseurl "~1.3.3"
      send "0.18.0"
  
  setprototypeof@1.2.0:
    version "1.2.0"
    resolved "https://registry.npmjs.org/setprototypeof/-/setprototypeof-1.2.0.tgz"
    integrity sha512-E5LDX7Wrp85Kil5bhZv46j8jOeboKq5JMmYM3gVGdGH8xFpPWXUMsNrlODCrkoxMEeNi/XZIwuRvY4XNwYMJpw==
  
  shebang-command@^1.2.0:
    version "1.2.0"
    resolved "https://registry.npmjs.org/shebang-command/-/shebang-command-1.2.0.tgz"
    integrity sha512-EV3L1+UQWGor21OmnvojK36mhg+TyIKDh3iFBKBohr5xeXIhNBcx8oWdgkTEEQ+BEFFYdLRuqMfd5L84N1V5Vg==
    dependencies:
      shebang-regex "^1.0.0"
  
  shebang-regex@^1.0.0:
    version "1.0.0"
    resolved "https://registry.npmjs.org/shebang-regex/-/shebang-regex-1.0.0.tgz"
    integrity sha512-wpoSFAxys6b2a2wHZ1XpDSgD7N9iVjg29Ph9uV/uaP9Ex/KXlkTZTeddxDPSYQpgvzKLGJke2UU0AzoGCjNIvQ==
  
  shell-quote@^1.6.1:
    version "1.8.1"
    resolved "https://registry.npmjs.org/shell-quote/-/shell-quote-1.8.1.tgz"
    integrity sha512-6j1W9l1iAs/4xYBI1SYOVZyFcCis9b4KCLQ8fgAGG07QvzaRLVVRQvAy85yNmmZSjYjg4MWh4gNvlPujU/5LpA==
  
  side-channel@^1.0.4:
    version "1.0.4"
    resolved "https://registry.npmjs.org/side-channel/-/side-channel-1.0.4.tgz"
    integrity sha512-q5XPytqFEIKHkGdiMIrY10mvLRvnQh42/+GoBlFW3b2LXLE2xxJpZFdm94we0BaoV3RwJyGqg5wS7epxTv0Zvw==
    dependencies:
      call-bind "^1.0.0"
      get-intrinsic "^1.0.2"
      object-inspect "^1.9.0"
  
  spdx-correct@^3.0.0:
    version "3.2.0"
    resolved "https://registry.npmjs.org/spdx-correct/-/spdx-correct-3.2.0.tgz"
    integrity sha512-kN9dJbvnySHULIluDHy32WHRUu3Og7B9sbY7tsFLctQkIqnMh3hErYgdMjTYuqmcXX+lK5T1lnUt3G7zNswmZA==
    dependencies:
      spdx-expression-parse "^3.0.0"
      spdx-license-ids "^3.0.0"
  
  spdx-exceptions@^2.1.0:
    version "2.3.0"
    resolved "https://registry.npmjs.org/spdx-exceptions/-/spdx-exceptions-2.3.0.tgz"
    integrity sha512-/tTrYOC7PPI1nUAgx34hUpqXuyJG+DTHJTnIULG4rDygi4xu/tfgmq1e1cIRwRzwZgo4NLySi+ricLkZkw4i5A==
  
  spdx-expression-parse@^3.0.0:
    version "3.0.1"
    resolved "https://registry.npmjs.org/spdx-expression-parse/-/spdx-expression-parse-3.0.1.tgz"
    integrity sha512-cbqHunsQWnJNE6KhVSMsMeH5H/L9EpymbzqTQ3uLwNCLZ1Q481oWaofqH7nO6V07xlXwY6PhQdQ2IedWx/ZK4Q==
    dependencies:
      spdx-exceptions "^2.1.0"
      spdx-license-ids "^3.0.0"
  
  spdx-license-ids@^3.0.0:
    version "3.0.13"
    resolved "https://registry.npmjs.org/spdx-license-ids/-/spdx-license-ids-3.0.13.tgz"
    integrity sha512-XkD+zwiqXHikFZm4AX/7JSCXA98U5Db4AFd5XUg/+9UNtnH75+Z9KxtpYiJZx36mUDVOwH83pl7yvCer6ewM3w==
  
  statuses@2.0.1:
    version "2.0.1"
    resolved "https://registry.npmjs.org/statuses/-/statuses-2.0.1.tgz"
    integrity sha512-RwNA9Z/7PrK06rYLIzFMlaF+l73iwpzsqRIFgbMLbTcLD6cOao82TaWefPXQvB2fOC4AjuYSEndS7N/mTCbkdQ==
  
  string.prototype.padend@^3.0.0:
    version "3.1.4"
    resolved "https://registry.npmjs.org/string.prototype.padend/-/string.prototype.padend-3.1.4.tgz"
    integrity sha512-67otBXoksdjsnXXRUq+KMVTdlVRZ2af422Y0aTyTjVaoQkGr3mxl2Bc5emi7dOQ3OGVVQQskmLEWwFXwommpNw==
    dependencies:
      call-bind "^1.0.2"
      define-properties "^1.1.4"
      es-abstract "^1.20.4"
  
  string.prototype.trim@^1.2.7:
    version "1.2.7"
    resolved "https://registry.npmjs.org/string.prototype.trim/-/string.prototype.trim-1.2.7.tgz"
    integrity sha512-p6TmeT1T3411M8Cgg9wBTMRtY2q9+PNy9EV1i2lIXUN/btt763oIfxwN3RR8VU6wHX8j/1CFy0L+YuThm6bgOg==
    dependencies:
      call-bind "^1.0.2"
      define-properties "^1.1.4"
      es-abstract "^1.20.4"
  
  string.prototype.trimend@^1.0.6:
    version "1.0.6"
    resolved "https://registry.npmjs.org/string.prototype.trimend/-/string.prototype.trimend-1.0.6.tgz"
    integrity sha512-JySq+4mrPf9EsDBEDYMOb/lM7XQLulwg5R/m1r0PXEFqrV0qHvl58sdTilSXtKOflCsK2E8jxf+GKC0T07RWwQ==
    dependencies:
      call-bind "^1.0.2"
      define-properties "^1.1.4"
      es-abstract "^1.20.4"
  
  string.prototype.trimstart@^1.0.6:
    version "1.0.6"
    resolved "https://registry.npmjs.org/string.prototype.trimstart/-/string.prototype.trimstart-1.0.6.tgz"
    integrity sha512-omqjMDaY92pbn5HOX7f9IccLA+U1tA9GvtU4JrodiXFfYB7jPzzHpRzpglLAjtUV6bB557zwClJezTqnAiYnQA==
    dependencies:
      call-bind "^1.0.2"
      define-properties "^1.1.4"
      es-abstract "^1.20.4"
  
  strip-bom@^3.0.0:
    version "3.0.0"
    resolved "https://registry.npmjs.org/strip-bom/-/strip-bom-3.0.0.tgz"
    integrity sha512-vavAMRXOgBVNF6nyEEmL3DBK19iRpDcoIwW+swQ+CbGiu7lju6t+JklA1MHweoWtadgt4ISVUsXLyDq34ddcwA==
  
  strnum@^1.0.5:
    version "1.0.5"
    resolved "https://registry.npmjs.org/strnum/-/strnum-1.0.5.tgz"
    integrity sha512-J8bbNyKKXl5qYcR36TIO8W3mVGVHrmmxsd5PAItGkmyzwJvybiw2IVq5nqd0i4LSNSkB/sx9VHllbfFdr9k1JA==
  
  supports-color@^5.3.0:
    version "5.5.0"
    resolved "https://registry.npmjs.org/supports-color/-/supports-color-5.5.0.tgz"
    integrity sha512-QjVjwdXIt408MIiAqCX4oUKsgU2EqAGzs2Ppkm4aQYbjm+ZEWEcW4SfFNTr4uMNZma0ey4f5lgLrkB0aX0QMow==
    dependencies:
      has-flag "^3.0.0"
  
  supports-preserve-symlinks-flag@^1.0.0:
    version "1.0.0"
    resolved "https://registry.npmjs.org/supports-preserve-symlinks-flag/-/supports-preserve-symlinks-flag-1.0.0.tgz"
    integrity sha512-ot0WnXS9fgdkgIcePe6RHNk1WA8+muPa6cSjeR3V8K27q9BB1rTE3R1p7Hv0z1ZyAc8s6Vvv8DIyWf681MAt0w==
  
  toidentifier@1.0.1:
    version "1.0.1"
    resolved "https://registry.npmjs.org/toidentifier/-/toidentifier-1.0.1.tgz"
    integrity sha512-o5sSPKEkg/DIQNmH43V0/uerLrpzVedkUh8tGNvaeXpfpuwjKenlSox/2O/BTlZUtEe+JG7s5YhEz608PlAHRA==
  
  tr46@~0.0.3:
    version "0.0.3"
    resolved "https://registry.npmjs.org/tr46/-/tr46-0.0.3.tgz"
    integrity sha512-N3WMsuqV66lT30CrXNbEjx4GEwlow3v6rr4mCcv6prnfwhS01rkgyFdjPNBYd9br7LpXV1+Emh01fHnq2Gdgrw==
  
  tslib@^1.11.1:
    version "1.14.1"
    resolved "https://registry.npmjs.org/tslib/-/tslib-1.14.1.tgz"
    integrity sha512-Xni35NKzjgMrwevysHTCArtLDpPvye8zV/0E4EyYn43P7/7qvQwPh9BGkHewbMulVntbigmcT7rdX3BNo9wRJg==
  
  tslib@^2.3.1, tslib@^2.5.0:
    version "2.6.1"
    resolved "https://registry.npmjs.org/tslib/-/tslib-2.6.1.tgz"
    integrity sha512-t0hLfiEKfMUoqhG+U1oid7Pva4bbDPHYfJNiB7BiIjRkj1pyC++4N3huJfqY6aRH6VTB0rvtzQwjM4K6qpfOig==
  
  type-is@~1.6.18:
    version "1.6.18"
    resolved "https://registry.npmjs.org/type-is/-/type-is-1.6.18.tgz"
    integrity sha512-TkRKr9sUTxEH8MdfuCSP7VizJyzRNMjj2J2do2Jr3Kym598JVdEksuzPQCnlFPW4ky9Q+iA+ma9BGm06XQBy8g==
    dependencies:
      media-typer "0.3.0"
      mime-types "~2.1.24"
  
  typed-array-buffer@^1.0.0:
    version "1.0.0"
    resolved "https://registry.npmjs.org/typed-array-buffer/-/typed-array-buffer-1.0.0.tgz"
    integrity sha512-Y8KTSIglk9OZEr8zywiIHG/kmQ7KWyjseXs1CbSo8vC42w7hg2HgYTxSWwP0+is7bWDc1H+Fo026CpHFwm8tkw==
    dependencies:
      call-bind "^1.0.2"
      get-intrinsic "^1.2.1"
      is-typed-array "^1.1.10"
  
  typed-array-byte-length@^1.0.0:
    version "1.0.0"
    resolved "https://registry.npmjs.org/typed-array-byte-length/-/typed-array-byte-length-1.0.0.tgz"
    integrity sha512-Or/+kvLxNpeQ9DtSydonMxCx+9ZXOswtwJn17SNLvhptaXYDJvkFFP5zbfU/uLmvnBJlI4yrnXRxpdWH/M5tNA==
    dependencies:
      call-bind "^1.0.2"
      for-each "^0.3.3"
      has-proto "^1.0.1"
      is-typed-array "^1.1.10"
  
  typed-array-byte-offset@^1.0.0:
    version "1.0.0"
    resolved "https://registry.npmjs.org/typed-array-byte-offset/-/typed-array-byte-offset-1.0.0.tgz"
    integrity sha512-RD97prjEt9EL8YgAgpOkf3O4IF9lhJFr9g0htQkm0rchFp/Vx7LW5Q8fSXXub7BXAODyUQohRMyOc3faCPd0hg==
    dependencies:
      available-typed-arrays "^1.0.5"
      call-bind "^1.0.2"
      for-each "^0.3.3"
      has-proto "^1.0.1"
      is-typed-array "^1.1.10"
  
  typed-array-length@^1.0.4:
    version "1.0.4"
    resolved "https://registry.npmjs.org/typed-array-length/-/typed-array-length-1.0.4.tgz"
    integrity sha512-KjZypGq+I/H7HI5HlOoGHkWUUGq+Q0TPhQurLbyrVrvnKTBgzLhIJ7j6J/XTQOi0d1RjyZ0wdas8bKs2p0x3Ng==
    dependencies:
      call-bind "^1.0.2"
      for-each "^0.3.3"
      is-typed-array "^1.1.9"
  
  typescript@^5.1.6:
    version "5.1.6"
    resolved "https://registry.npmjs.org/typescript/-/typescript-5.1.6.tgz"
    integrity sha512-zaWCozRZ6DLEWAWFrVDz1H6FVXzUSfTy5FUMWsQlU8Ym5JP9eO4xkTIROFCQvhQf61z6O/G6ugw3SgAnvvm+HA==
  
  unbox-primitive@^1.0.2:
    version "1.0.2"
    resolved "https://registry.npmjs.org/unbox-primitive/-/unbox-primitive-1.0.2.tgz"
    integrity sha512-61pPlCD9h51VoreyJ0BReideM3MDKMKnh6+V9L08331ipq6Q8OFXZYiqP6n/tbHx4s5I9uRhcye6BrbkizkBDw==
    dependencies:
      call-bind "^1.0.2"
      has-bigints "^1.0.2"
      has-symbols "^1.0.3"
      which-boxed-primitive "^1.0.2"
  
  unpipe@~1.0.0, unpipe@1.0.0:
    version "1.0.0"
    resolved "https://registry.npmjs.org/unpipe/-/unpipe-1.0.0.tgz"
    integrity sha512-pjy2bYhSsufwWlKwPc+l3cN7+wuJlK6uz0YdJEOlQDbl6jo/YlPi4mb8agUkVC8BF7V8NuzeyPNqRksA3hztKQ==
  
  uri-js@^4.2.2:
    version "4.4.1"
    resolved "https://registry.npmjs.org/uri-js/-/uri-js-4.4.1.tgz"
    integrity sha512-7rKUyy33Q1yc98pQ1DAmLtwX109F7TIfWlW1Ydo8Wl1ii1SeHieeh0HHfPeL2fMXK6z0s8ecKs9frCuLJvndBg==
    dependencies:
      punycode "^2.1.0"
  
  utils-merge@1.0.1:
    version "1.0.1"
    resolved "https://registry.npmjs.org/utils-merge/-/utils-merge-1.0.1.tgz"
    integrity sha512-pMZTvIkT1d+TFGvDOqodOclx0QWkkgi6Tdoa8gC8ffGAAqz9pzPTZWAybbsHHoED/ztMtkv/VoYTYyShUn81hA==
  
  uuid@^8.3.2:
    version "8.3.2"
    resolved "https://registry.npmjs.org/uuid/-/uuid-8.3.2.tgz"
    integrity sha512-+NYs2QeMWy+GWFOEm9xnn6HCDp0l7QBD7ml8zLUmJ+93Q5NF0NocErnwkTkXVFNiX3/fpC6afS8Dhb/gz7R7eg==
  
  validate-npm-package-license@^3.0.1:
    version "3.0.4"
    resolved "https://registry.npmjs.org/validate-npm-package-license/-/validate-npm-package-license-3.0.4.tgz"
    integrity sha512-DpKm2Ui/xN7/HQKCtpZxoRWBhZ9Z0kqtygG8XCgNQ8ZlDnxuQmWhj566j8fN4Cu3/JmbhsDo7fcAJq4s9h27Ew==
    dependencies:
      spdx-correct "^3.0.0"
      spdx-expression-parse "^3.0.0"
  
  vary@~1.1.2:
    version "1.1.2"
    resolved "https://registry.npmjs.org/vary/-/vary-1.1.2.tgz"
    integrity sha512-BNGbWLfd0eUPabhkXUVm0j8uuvREyTh5ovRa/dyow/BqAbZJyC+5fU+IzQOzmAKzYqYRAISoRhdQr3eIZ/PXqg==
  
  webidl-conversions@^3.0.0:
    version "3.0.1"
    resolved "https://registry.npmjs.org/webidl-conversions/-/webidl-conversions-3.0.1.tgz"
    integrity sha512-2JAn3z8AR6rjK8Sm8orRC0h/bcl/DqL7tRPdGZ4I1CjdF+EaMLmYxBHyXuKL849eucPFhvBoxMsflfOb8kxaeQ==
  
  whatwg-url@^5.0.0:
    version "5.0.0"
    resolved "https://registry.npmjs.org/whatwg-url/-/whatwg-url-5.0.0.tgz"
    integrity sha512-saE57nupxk6v3HY35+jzBwYa0rKSy0XR8JSxZPwgLr7ys0IBzhGviA1/TUGJLmSVqs8pb9AnvICXEuOHLprYTw==
    dependencies:
      tr46 "~0.0.3"
      webidl-conversions "^3.0.0"
  
  which-boxed-primitive@^1.0.2:
    version "1.0.2"
    resolved "https://registry.npmjs.org/which-boxed-primitive/-/which-boxed-primitive-1.0.2.tgz"
    integrity sha512-bwZdv0AKLpplFY2KZRX6TvyuN7ojjr7lwkg6ml0roIy9YeuSr7JS372qlNW18UQYzgYK9ziGcerWqZOmEn9VNg==
    dependencies:
      is-bigint "^1.0.1"
      is-boolean-object "^1.1.0"
      is-number-object "^1.0.4"
      is-string "^1.0.5"
      is-symbol "^1.0.3"
  
  which-typed-array@^1.1.10, which-typed-array@^1.1.11:
    version "1.1.11"
    resolved "https://registry.npmjs.org/which-typed-array/-/which-typed-array-1.1.11.tgz"
    integrity sha512-qe9UWWpkeG5yzZ0tNYxDmd7vo58HDBc39mZ0xWWpolAGADdFOzkfamWLDxkOWcvHQKVmdTyQdLD4NOfjLWTKew==
    dependencies:
      available-typed-arrays "^1.0.5"
      call-bind "^1.0.2"
      for-each "^0.3.3"
      gopd "^1.0.1"
      has-tostringtag "^1.0.0"
  
  which@^1.2.9:
    version "1.3.1"
    resolved "https://registry.npmjs.org/which/-/which-1.3.1.tgz"
    integrity sha512-HxJdYWq1MTIQbJ3nw0cqssHoTNU267KlrDuGZ1WYlxDStUtKUhOaJmh112/TZmHxxUfuJqPXSOm7tDyas0OSIQ==
    dependencies:
      isexe "^2.0.0"
